Determining if the pthread_create exist failed with the following output:
Change Dir: /home/rxth/rakshith/data/work/asu/summer2020/kuka-path-planning-maze/catkin_ws/build/rll_control/CMakeFiles/CMakeTmp

Run Build Command:"/usr/bin/make" "cmTC_ace62/fast"
/usr/bin/make -f CMakeFiles/cmTC_ace62.dir/build.make CMakeFiles/cmTC_ace62.dir/build
make[1]: Entering directory '/home/rxth/rakshith/data/work/asu/summer2020/kuka-path-planning-maze/catkin_ws/build/rll_control/CMakeFiles/CMakeTmp'
Building C object CMakeFiles/cmTC_ace62.dir/CheckSymbolExists.c.o
/usr/bin/cc    -o CMakeFiles/cmTC_ace62.dir/CheckSymbolExists.c.o   -c /home/rxth/rakshith/data/work/asu/summer2020/kuka-path-planning-maze/catkin_ws/build/rll_control/CMakeFiles/CMakeTmp/CheckSymbolExists.c
Linking C executable cmTC_ace62
/usr/bin/cmake -E cmake_link_script CMakeFiles/cmTC_ace62.dir/link.txt --verbose=1
/usr/bin/cc      -rdynamic CMakeFiles/cmTC_ace62.dir/CheckSymbolExists.c.o  -o cmTC_ace62 
CMakeFiles/cmTC_ace62.dir/CheckSymbolExists.c.o: In function `main':
CheckSymbolExists.c:(.text+0x1b): undefined reference to `pthread_create'
collect2: error: ld returned 1 exit status
CMakeFiles/cmTC_ace62.dir/build.make:97: recipe for target 'cmTC_ace62' failed
make[1]: *** [cmTC_ace62] Error 1
make[1]: Leaving directory '/home/rxth/rakshith/data/work/asu/summer2020/kuka-path-planning-maze/catkin_ws/build/rll_control/CMakeFiles/CMakeTmp'
Makefile:126: recipe for target 'cmTC_ace62/fast' failed
make: *** [cmTC_ace62/fast] Error 2

File /home/rxth/rakshith/data/work/asu/summer2020/kuka-path-planning-maze/catkin_ws/build/rll_control/CMakeFiles/CMakeTmp/CheckSymbolExists.c:
/* */
#include <pthread.h>

int main(int argc, char** argv)
{
  (void)argv;
#ifndef pthread_create
  return ((int*)(&pthread_create))[argc];
#else
  (void)argc;
  return 0;
#endif
}

Determining if the function pthread_create exists in the pthreads failed with the following output:
Change Dir: /home/rxth/rakshith/data/work/asu/summer2020/kuka-path-planning-maze/catkin_ws/build/rll_control/CMakeFiles/CMakeTmp

Run Build Command:"/usr/bin/make" "cmTC_f8b87/fast"
/usr/bin/make -f CMakeFiles/cmTC_f8b87.dir/build.make CMakeFiles/cmTC_f8b87.dir/build
make[1]: Entering directory '/home/rxth/rakshith/data/work/asu/summer2020/kuka-path-planning-maze/catkin_ws/build/rll_control/CMakeFiles/CMakeTmp'
Building C object CMakeFiles/cmTC_f8b87.dir/CheckFunctionExists.c.o
/usr/bin/cc   -DCHECK_FUNCTION_EXISTS=pthread_create   -o CMakeFiles/cmTC_f8b87.dir/CheckFunctionExists.c.o   -c /usr/share/cmake-3.10/Modules/CheckFunctionExists.c
Linking C executable cmTC_f8b87
/usr/bin/cmake -E cmake_link_script CMakeFiles/cmTC_f8b87.dir/link.txt --verbose=1
/usr/bin/cc  -DCHECK_FUNCTION_EXISTS=pthread_create    -rdynamic CMakeFiles/cmTC_f8b87.dir/CheckFunctionExists.c.o  -o cmTC_f8b87 -lpthreads 
/usr/bin/ld: cannot find -lpthreads
collect2: error: ld returned 1 exit status
CMakeFiles/cmTC_f8b87.dir/build.make:97: recipe for target 'cmTC_f8b87' failed
make[1]: *** [cmTC_f8b87] Error 1
make[1]: Leaving directory '/home/rxth/rakshith/data/work/asu/summer2020/kuka-path-planning-maze/catkin_ws/build/rll_control/CMakeFiles/CMakeTmp'
Makefile:126: recipe for target 'cmTC_f8b87/fast' failed
make: *** [cmTC_f8b87/fast] Error 2


