Determining if the pthread_create exist failed with the following output:
Change Dir: /home/rxth/rakshith/data/work/asu/summer2020/kuka-path-planning-maze/catkin_ws/build/catkin_tools_prebuild/CMakeFiles/CMakeTmp

Run Build Command:"/usr/bin/make" "cmTC_f08b7/fast"
/usr/bin/make -f CMakeFiles/cmTC_f08b7.dir/build.make CMakeFiles/cmTC_f08b7.dir/build
make[1]: Entering directory '/home/rxth/rakshith/data/work/asu/summer2020/kuka-path-planning-maze/catkin_ws/build/catkin_tools_prebuild/CMakeFiles/CMakeTmp'
Building C object CMakeFiles/cmTC_f08b7.dir/CheckSymbolExists.c.o
/usr/bin/cc    -o CMakeFiles/cmTC_f08b7.dir/CheckSymbolExists.c.o   -c /home/rxth/rakshith/data/work/asu/summer2020/kuka-path-planning-maze/catkin_ws/build/catkin_tools_prebuild/CMakeFiles/CMakeTmp/CheckSymbolExists.c
Linking C executable cmTC_f08b7
/usr/bin/cmake -E cmake_link_script CMakeFiles/cmTC_f08b7.dir/link.txt --verbose=1
/usr/bin/cc      -rdynamic CMakeFiles/cmTC_f08b7.dir/CheckSymbolExists.c.o  -o cmTC_f08b7 
CMakeFiles/cmTC_f08b7.dir/CheckSymbolExists.c.o: In function `main':
CheckSymbolExists.c:(.text+0x1b): undefined reference to `pthread_create'
collect2: error: ld returned 1 exit status
CMakeFiles/cmTC_f08b7.dir/build.make:97: recipe for target 'cmTC_f08b7' failed
make[1]: *** [cmTC_f08b7] Error 1
make[1]: Leaving directory '/home/rxth/rakshith/data/work/asu/summer2020/kuka-path-planning-maze/catkin_ws/build/catkin_tools_prebuild/CMakeFiles/CMakeTmp'
Makefile:126: recipe for target 'cmTC_f08b7/fast' failed
make: *** [cmTC_f08b7/fast] Error 2

File /home/rxth/rakshith/data/work/asu/summer2020/kuka-path-planning-maze/catkin_ws/build/catkin_tools_prebuild/CMakeFiles/CMakeTmp/CheckSymbolExists.c:
/* */
#include <pthread.h>

int main(int argc, char** argv)
{
  (void)argv;
#ifndef pthread_create
  return ((int*)(&pthread_create))[argc];
#else
  (void)argc;
  return 0;
#endif
}

Determining if the function pthread_create exists in the pthreads failed with the following output:
Change Dir: /home/rxth/rakshith/data/work/asu/summer2020/kuka-path-planning-maze/catkin_ws/build/catkin_tools_prebuild/CMakeFiles/CMakeTmp

Run Build Command:"/usr/bin/make" "cmTC_16fc9/fast"
/usr/bin/make -f CMakeFiles/cmTC_16fc9.dir/build.make CMakeFiles/cmTC_16fc9.dir/build
make[1]: Entering directory '/home/rxth/rakshith/data/work/asu/summer2020/kuka-path-planning-maze/catkin_ws/build/catkin_tools_prebuild/CMakeFiles/CMakeTmp'
Building C object CMakeFiles/cmTC_16fc9.dir/CheckFunctionExists.c.o
/usr/bin/cc   -DCHECK_FUNCTION_EXISTS=pthread_create   -o CMakeFiles/cmTC_16fc9.dir/CheckFunctionExists.c.o   -c /usr/share/cmake-3.10/Modules/CheckFunctionExists.c
Linking C executable cmTC_16fc9
/usr/bin/cmake -E cmake_link_script CMakeFiles/cmTC_16fc9.dir/link.txt --verbose=1
/usr/bin/cc  -DCHECK_FUNCTION_EXISTS=pthread_create    -rdynamic CMakeFiles/cmTC_16fc9.dir/CheckFunctionExists.c.o  -o cmTC_16fc9 -lpthreads 
/usr/bin/ld: cannot find -lpthreads
collect2: error: ld returned 1 exit status
CMakeFiles/cmTC_16fc9.dir/build.make:97: recipe for target 'cmTC_16fc9' failed
make[1]: *** [cmTC_16fc9] Error 1
make[1]: Leaving directory '/home/rxth/rakshith/data/work/asu/summer2020/kuka-path-planning-maze/catkin_ws/build/catkin_tools_prebuild/CMakeFiles/CMakeTmp'
Makefile:126: recipe for target 'cmTC_16fc9/fast' failed
make: *** [cmTC_16fc9/fast] Error 2


