Symlinking /home/rxth/rakshith/data/work/asu/summer2020/kuka-path-planning-maze/catkin_ws/devel/include/rll_msgs/JobEnvGoal.h
Symlinking /home/rxth/rakshith/data/work/asu/summer2020/kuka-path-planning-maze/catkin_ws/devel/include/rll_msgs/JobExtraField.h
Symlinking /home/rxth/rakshith/data/work/asu/summer2020/kuka-path-planning-maze/catkin_ws/devel/include/rll_msgs/PickPlace.h
Symlinking /home/rxth/rakshith/data/work/asu/summer2020/kuka-path-planning-maze/catkin_ws/devel/include/rll_msgs/MoveLinArmangleResponse.h
Symlinking /home/rxth/rakshith/data/work/asu/summer2020/kuka-path-planning-maze/catkin_ws/devel/include/rll_msgs/GetPoseResponse.h
Symlinking /home/rxth/rakshith/data/work/asu/summer2020/kuka-path-planning-maze/catkin_ws/devel/include/rll_msgs/MoveLinRequest.h
Symlinking /home/rxth/rakshith/data/work/asu/summer2020/kuka-path-planning-maze/catkin_ws/devel/include/rll_msgs/JobEnvAction.h
Symlinking /home/rxth/rakshith/data/work/asu/summer2020/kuka-path-planning-maze/catkin_ws/devel/include/rll_msgs/GetPose.h
Symlinking /home/rxth/rakshith/data/work/asu/summer2020/kuka-path-planning-maze/catkin_ws/devel/include/rll_msgs/MoveLinResponse.h
Symlinking /home/rxth/rakshith/data/work/asu/summer2020/kuka-path-planning-maze/catkin_ws/devel/include/rll_msgs/MovePTPResponse.h
Symlinking /home/rxth/rakshith/data/work/asu/summer2020/kuka-path-planning-maze/catkin_ws/devel/include/rll_msgs/MoveLinArmangle.h
Symlinking /home/rxth/rakshith/data/work/asu/summer2020/kuka-path-planning-maze/catkin_ws/devel/include/rll_msgs/GetPoseRequest.h
Symlinking /home/rxth/rakshith/data/work/asu/summer2020/kuka-path-planning-maze/catkin_ws/devel/include/rll_msgs/MovePTPArmangleRequest.h
Symlinking /home/rxth/rakshith/data/work/asu/summer2020/kuka-path-planning-maze/catkin_ws/devel/include/rll_msgs/JobStatus.h
Symlinking /home/rxth/rakshith/data/work/asu/summer2020/kuka-path-planning-maze/catkin_ws/devel/include/rll_msgs/GetJointValuesResponse.h
Symlinking /home/rxth/rakshith/data/work/asu/summer2020/kuka-path-planning-maze/catkin_ws/devel/include/rll_msgs/PickPlaceRequest.h
Symlinking /home/rxth/rakshith/data/work/asu/summer2020/kuka-path-planning-maze/catkin_ws/devel/include/rll_msgs/MovePTPArmangleResponse.h
Symlinking /home/rxth/rakshith/data/work/asu/summer2020/kuka-path-planning-maze/catkin_ws/devel/include/rll_msgs/PickPlaceResponse.h
Symlinking /home/rxth/rakshith/data/work/asu/summer2020/kuka-path-planning-maze/catkin_ws/devel/include/rll_msgs/JobEnvActionGoal.h
Symlinking /home/rxth/rakshith/data/work/asu/summer2020/kuka-path-planning-maze/catkin_ws/devel/include/rll_msgs/MoveLinArmangleRequest.h
Symlinking /home/rxth/rakshith/data/work/asu/summer2020/kuka-path-planning-maze/catkin_ws/devel/include/rll_msgs/MovePTP.h
Symlinking /home/rxth/rakshith/data/work/asu/summer2020/kuka-path-planning-maze/catkin_ws/devel/include/rll_msgs/JobEnvResult.h
Symlinking /home/rxth/rakshith/data/work/asu/summer2020/kuka-path-planning-maze/catkin_ws/devel/include/rll_msgs/MovePTPArmangle.h
Symlinking /home/rxth/rakshith/data/work/asu/summer2020/kuka-path-planning-maze/catkin_ws/devel/include/rll_msgs/MovePTPRequest.h
Symlinking /home/rxth/rakshith/data/work/asu/summer2020/kuka-path-planning-maze/catkin_ws/devel/include/rll_msgs/MoveRandom.h
Symlinking /home/rxth/rakshith/data/work/asu/summer2020/kuka-path-planning-maze/catkin_ws/devel/include/rll_msgs/MoveJointsResponse.h
Symlinking /home/rxth/rakshith/data/work/asu/summer2020/kuka-path-planning-maze/catkin_ws/devel/include/rll_msgs/GetJointValues.h
Symlinking /home/rxth/rakshith/data/work/asu/summer2020/kuka-path-planning-maze/catkin_ws/devel/include/rll_msgs/JobEnvFeedback.h
Symlinking /home/rxth/rakshith/data/work/asu/summer2020/kuka-path-planning-maze/catkin_ws/devel/include/rll_msgs/GetJointValuesRequest.h
Symlinking /home/rxth/rakshith/data/work/asu/summer2020/kuka-path-planning-maze/catkin_ws/devel/include/rll_msgs/MoveJoints.h
Symlinking /home/rxth/rakshith/data/work/asu/summer2020/kuka-path-planning-maze/catkin_ws/devel/include/rll_msgs/MoveLin.h
Symlinking /home/rxth/rakshith/data/work/asu/summer2020/kuka-path-planning-maze/catkin_ws/devel/include/rll_msgs/JobEnvActionFeedback.h
Symlinking /home/rxth/rakshith/data/work/asu/summer2020/kuka-path-planning-maze/catkin_ws/devel/include/rll_msgs/JobEnvActionResult.h
Symlinking /home/rxth/rakshith/data/work/asu/summer2020/kuka-path-planning-maze/catkin_ws/devel/include/rll_msgs/MoveRandomRequest.h
Symlinking /home/rxth/rakshith/data/work/asu/summer2020/kuka-path-planning-maze/catkin_ws/devel/include/rll_msgs/MoveRandomResponse.h
Symlinking /home/rxth/rakshith/data/work/asu/summer2020/kuka-path-planning-maze/catkin_ws/devel/include/rll_msgs/MoveJointsRequest.h
Symlinking /home/rxth/rakshith/data/work/asu/summer2020/kuka-path-planning-maze/catkin_ws/devel/lib/pkgconfig/rll_msgs.pc
Symlinking /home/rxth/rakshith/data/work/asu/summer2020/kuka-path-planning-maze/catkin_ws/devel/lib/python2.7/dist-packages/rll_msgs/__init__.py
Symlinking /home/rxth/rakshith/data/work/asu/summer2020/kuka-path-planning-maze/catkin_ws/devel/lib/python2.7/dist-packages/rll_msgs/msg/__init__.py
Symlinking /home/rxth/rakshith/data/work/asu/summer2020/kuka-path-planning-maze/catkin_ws/devel/lib/python2.7/dist-packages/rll_msgs/msg/_JobEnvActionFeedback.py
Symlinking /home/rxth/rakshith/data/work/asu/summer2020/kuka-path-planning-maze/catkin_ws/devel/lib/python2.7/dist-packages/rll_msgs/msg/_JobExtraField.py
Symlinking /home/rxth/rakshith/data/work/asu/summer2020/kuka-path-planning-maze/catkin_ws/devel/lib/python2.7/dist-packages/rll_msgs/msg/_JobEnvResult.py
Symlinking /home/rxth/rakshith/data/work/asu/summer2020/kuka-path-planning-maze/catkin_ws/devel/lib/python2.7/dist-packages/rll_msgs/msg/_JobEnvAction.py
Symlinking /home/rxth/rakshith/data/work/asu/summer2020/kuka-path-planning-maze/catkin_ws/devel/lib/python2.7/dist-packages/rll_msgs/msg/_JobEnvFeedback.py
Symlinking /home/rxth/rakshith/data/work/asu/summer2020/kuka-path-planning-maze/catkin_ws/devel/lib/python2.7/dist-packages/rll_msgs/msg/_JobEnvActionResult.py
Symlinking /home/rxth/rakshith/data/work/asu/summer2020/kuka-path-planning-maze/catkin_ws/devel/lib/python2.7/dist-packages/rll_msgs/msg/_JobEnvActionGoal.py
Symlinking /home/rxth/rakshith/data/work/asu/summer2020/kuka-path-planning-maze/catkin_ws/devel/lib/python2.7/dist-packages/rll_msgs/msg/_JobStatus.py
Symlinking /home/rxth/rakshith/data/work/asu/summer2020/kuka-path-planning-maze/catkin_ws/devel/lib/python2.7/dist-packages/rll_msgs/msg/_JobEnvGoal.py
Symlinking /home/rxth/rakshith/data/work/asu/summer2020/kuka-path-planning-maze/catkin_ws/devel/lib/python2.7/dist-packages/rll_msgs/srv/_MovePTPArmangle.py
Symlinking /home/rxth/rakshith/data/work/asu/summer2020/kuka-path-planning-maze/catkin_ws/devel/lib/python2.7/dist-packages/rll_msgs/srv/__init__.py
Symlinking /home/rxth/rakshith/data/work/asu/summer2020/kuka-path-planning-maze/catkin_ws/devel/lib/python2.7/dist-packages/rll_msgs/srv/_PickPlace.py
Symlinking /home/rxth/rakshith/data/work/asu/summer2020/kuka-path-planning-maze/catkin_ws/devel/lib/python2.7/dist-packages/rll_msgs/srv/_MoveRandom.py
Symlinking /home/rxth/rakshith/data/work/asu/summer2020/kuka-path-planning-maze/catkin_ws/devel/lib/python2.7/dist-packages/rll_msgs/srv/_GetPose.py
Symlinking /home/rxth/rakshith/data/work/asu/summer2020/kuka-path-planning-maze/catkin_ws/devel/lib/python2.7/dist-packages/rll_msgs/srv/_MoveLin.py
Symlinking /home/rxth/rakshith/data/work/asu/summer2020/kuka-path-planning-maze/catkin_ws/devel/lib/python2.7/dist-packages/rll_msgs/srv/_GetJointValues.py
Symlinking /home/rxth/rakshith/data/work/asu/summer2020/kuka-path-planning-maze/catkin_ws/devel/lib/python2.7/dist-packages/rll_msgs/srv/_MoveLinArmangle.py
Symlinking /home/rxth/rakshith/data/work/asu/summer2020/kuka-path-planning-maze/catkin_ws/devel/lib/python2.7/dist-packages/rll_msgs/srv/_MoveJoints.py
Symlinking /home/rxth/rakshith/data/work/asu/summer2020/kuka-path-planning-maze/catkin_ws/devel/lib/python2.7/dist-packages/rll_msgs/srv/_MovePTP.py
Symlinking /home/rxth/rakshith/data/work/asu/summer2020/kuka-path-planning-maze/catkin_ws/devel/share/gennodejs/ros/rll_msgs/_index.js
Symlinking /home/rxth/rakshith/data/work/asu/summer2020/kuka-path-planning-maze/catkin_ws/devel/share/gennodejs/ros/rll_msgs/msg/JobStatus.js
Symlinking /home/rxth/rakshith/data/work/asu/summer2020/kuka-path-planning-maze/catkin_ws/devel/share/gennodejs/ros/rll_msgs/msg/_index.js
Symlinking /home/rxth/rakshith/data/work/asu/summer2020/kuka-path-planning-maze/catkin_ws/devel/share/gennodejs/ros/rll_msgs/msg/JobExtraField.js
Symlinking /home/rxth/rakshith/data/work/asu/summer2020/kuka-path-planning-maze/catkin_ws/devel/share/gennodejs/ros/rll_msgs/msg/JobEnvFeedback.js
Symlinking /home/rxth/rakshith/data/work/asu/summer2020/kuka-path-planning-maze/catkin_ws/devel/share/gennodejs/ros/rll_msgs/msg/JobEnvGoal.js
Symlinking /home/rxth/rakshith/data/work/asu/summer2020/kuka-path-planning-maze/catkin_ws/devel/share/gennodejs/ros/rll_msgs/msg/JobEnvAction.js
Symlinking /home/rxth/rakshith/data/work/asu/summer2020/kuka-path-planning-maze/catkin_ws/devel/share/gennodejs/ros/rll_msgs/msg/JobEnvActionResult.js
Symlinking /home/rxth/rakshith/data/work/asu/summer2020/kuka-path-planning-maze/catkin_ws/devel/share/gennodejs/ros/rll_msgs/msg/JobEnvActionFeedback.js
Symlinking /home/rxth/rakshith/data/work/asu/summer2020/kuka-path-planning-maze/catkin_ws/devel/share/gennodejs/ros/rll_msgs/msg/JobEnvResult.js
Symlinking /home/rxth/rakshith/data/work/asu/summer2020/kuka-path-planning-maze/catkin_ws/devel/share/gennodejs/ros/rll_msgs/msg/JobEnvActionGoal.js
Symlinking /home/rxth/rakshith/data/work/asu/summer2020/kuka-path-planning-maze/catkin_ws/devel/share/gennodejs/ros/rll_msgs/srv/MovePTP.js
Symlinking /home/rxth/rakshith/data/work/asu/summer2020/kuka-path-planning-maze/catkin_ws/devel/share/gennodejs/ros/rll_msgs/srv/_index.js
Symlinking /home/rxth/rakshith/data/work/asu/summer2020/kuka-path-planning-maze/catkin_ws/devel/share/gennodejs/ros/rll_msgs/srv/MovePTPArmangle.js
Symlinking /home/rxth/rakshith/data/work/asu/summer2020/kuka-path-planning-maze/catkin_ws/devel/share/gennodejs/ros/rll_msgs/srv/MoveLinArmangle.js
Symlinking /home/rxth/rakshith/data/work/asu/summer2020/kuka-path-planning-maze/catkin_ws/devel/share/gennodejs/ros/rll_msgs/srv/MoveLin.js
Symlinking /home/rxth/rakshith/data/work/asu/summer2020/kuka-path-planning-maze/catkin_ws/devel/share/gennodejs/ros/rll_msgs/srv/GetPose.js
Symlinking /home/rxth/rakshith/data/work/asu/summer2020/kuka-path-planning-maze/catkin_ws/devel/share/gennodejs/ros/rll_msgs/srv/MoveJoints.js
Symlinking /home/rxth/rakshith/data/work/asu/summer2020/kuka-path-planning-maze/catkin_ws/devel/share/gennodejs/ros/rll_msgs/srv/GetJointValues.js
Symlinking /home/rxth/rakshith/data/work/asu/summer2020/kuka-path-planning-maze/catkin_ws/devel/share/gennodejs/ros/rll_msgs/srv/PickPlace.js
Symlinking /home/rxth/rakshith/data/work/asu/summer2020/kuka-path-planning-maze/catkin_ws/devel/share/gennodejs/ros/rll_msgs/srv/MoveRandom.js
Symlinking /home/rxth/rakshith/data/work/asu/summer2020/kuka-path-planning-maze/catkin_ws/devel/share/roseus/ros/rll_msgs/manifest.l
Symlinking /home/rxth/rakshith/data/work/asu/summer2020/kuka-path-planning-maze/catkin_ws/devel/share/roseus/ros/rll_msgs/msg/JobEnvActionFeedback.l
Symlinking /home/rxth/rakshith/data/work/asu/summer2020/kuka-path-planning-maze/catkin_ws/devel/share/roseus/ros/rll_msgs/msg/JobExtraField.l
Symlinking /home/rxth/rakshith/data/work/asu/summer2020/kuka-path-planning-maze/catkin_ws/devel/share/roseus/ros/rll_msgs/msg/JobEnvAction.l
Symlinking /home/rxth/rakshith/data/work/asu/summer2020/kuka-path-planning-maze/catkin_ws/devel/share/roseus/ros/rll_msgs/msg/JobEnvGoal.l
Symlinking /home/rxth/rakshith/data/work/asu/summer2020/kuka-path-planning-maze/catkin_ws/devel/share/roseus/ros/rll_msgs/msg/JobEnvActionGoal.l
Symlinking /home/rxth/rakshith/data/work/asu/summer2020/kuka-path-planning-maze/catkin_ws/devel/share/roseus/ros/rll_msgs/msg/JobStatus.l
Symlinking /home/rxth/rakshith/data/work/asu/summer2020/kuka-path-planning-maze/catkin_ws/devel/share/roseus/ros/rll_msgs/msg/JobEnvResult.l
Symlinking /home/rxth/rakshith/data/work/asu/summer2020/kuka-path-planning-maze/catkin_ws/devel/share/roseus/ros/rll_msgs/msg/JobEnvActionResult.l
Symlinking /home/rxth/rakshith/data/work/asu/summer2020/kuka-path-planning-maze/catkin_ws/devel/share/roseus/ros/rll_msgs/msg/JobEnvFeedback.l
Symlinking /home/rxth/rakshith/data/work/asu/summer2020/kuka-path-planning-maze/catkin_ws/devel/share/roseus/ros/rll_msgs/srv/MoveLin.l
Symlinking /home/rxth/rakshith/data/work/asu/summer2020/kuka-path-planning-maze/catkin_ws/devel/share/roseus/ros/rll_msgs/srv/GetJointValues.l
Symlinking /home/rxth/rakshith/data/work/asu/summer2020/kuka-path-planning-maze/catkin_ws/devel/share/roseus/ros/rll_msgs/srv/MoveRandom.l
Symlinking /home/rxth/rakshith/data/work/asu/summer2020/kuka-path-planning-maze/catkin_ws/devel/share/roseus/ros/rll_msgs/srv/MoveJoints.l
Symlinking /home/rxth/rakshith/data/work/asu/summer2020/kuka-path-planning-maze/catkin_ws/devel/share/roseus/ros/rll_msgs/srv/MovePTPArmangle.l
Symlinking /home/rxth/rakshith/data/work/asu/summer2020/kuka-path-planning-maze/catkin_ws/devel/share/roseus/ros/rll_msgs/srv/GetPose.l
Symlinking /home/rxth/rakshith/data/work/asu/summer2020/kuka-path-planning-maze/catkin_ws/devel/share/roseus/ros/rll_msgs/srv/PickPlace.l
Symlinking /home/rxth/rakshith/data/work/asu/summer2020/kuka-path-planning-maze/catkin_ws/devel/share/roseus/ros/rll_msgs/srv/MovePTP.l
Symlinking /home/rxth/rakshith/data/work/asu/summer2020/kuka-path-planning-maze/catkin_ws/devel/share/roseus/ros/rll_msgs/srv/MoveLinArmangle.l
Symlinking /home/rxth/rakshith/data/work/asu/summer2020/kuka-path-planning-maze/catkin_ws/devel/share/rll_msgs/msg/JobEnvResult.msg
Symlinking /home/rxth/rakshith/data/work/asu/summer2020/kuka-path-planning-maze/catkin_ws/devel/share/rll_msgs/msg/JobEnvActionFeedback.msg
Symlinking /home/rxth/rakshith/data/work/asu/summer2020/kuka-path-planning-maze/catkin_ws/devel/share/rll_msgs/msg/JobEnvGoal.msg
Symlinking /home/rxth/rakshith/data/work/asu/summer2020/kuka-path-planning-maze/catkin_ws/devel/share/rll_msgs/msg/JobEnvAction.msg
Symlinking /home/rxth/rakshith/data/work/asu/summer2020/kuka-path-planning-maze/catkin_ws/devel/share/rll_msgs/msg/JobEnvActionResult.msg
Symlinking /home/rxth/rakshith/data/work/asu/summer2020/kuka-path-planning-maze/catkin_ws/devel/share/rll_msgs/msg/JobEnvActionGoal.msg
Symlinking /home/rxth/rakshith/data/work/asu/summer2020/kuka-path-planning-maze/catkin_ws/devel/share/rll_msgs/msg/JobEnvFeedback.msg
Symlinking /home/rxth/rakshith/data/work/asu/summer2020/kuka-path-planning-maze/catkin_ws/devel/share/rll_msgs/cmake/rll_msgs-msg-paths.cmake
Symlinking /home/rxth/rakshith/data/work/asu/summer2020/kuka-path-planning-maze/catkin_ws/devel/share/rll_msgs/cmake/rll_msgs-msg-extras.cmake
Symlinking /home/rxth/rakshith/data/work/asu/summer2020/kuka-path-planning-maze/catkin_ws/devel/share/rll_msgs/cmake/rll_msgsConfig-version.cmake
Symlinking /home/rxth/rakshith/data/work/asu/summer2020/kuka-path-planning-maze/catkin_ws/devel/share/rll_msgs/cmake/rll_msgsConfig.cmake
Symlinking /home/rxth/rakshith/data/work/asu/summer2020/kuka-path-planning-maze/catkin_ws/devel/share/common-lisp/ros/rll_msgs/msg/_package_JobEnvActionFeedback.lisp
Symlinking /home/rxth/rakshith/data/work/asu/summer2020/kuka-path-planning-maze/catkin_ws/devel/share/common-lisp/ros/rll_msgs/msg/JobStatus.lisp
Symlinking /home/rxth/rakshith/data/work/asu/summer2020/kuka-path-planning-maze/catkin_ws/devel/share/common-lisp/ros/rll_msgs/msg/JobEnvActionResult.lisp
Symlinking /home/rxth/rakshith/data/work/asu/summer2020/kuka-path-planning-maze/catkin_ws/devel/share/common-lisp/ros/rll_msgs/msg/_package_JobEnvFeedback.lisp
Symlinking /home/rxth/rakshith/data/work/asu/summer2020/kuka-path-planning-maze/catkin_ws/devel/share/common-lisp/ros/rll_msgs/msg/rll_msgs-msg.asd
Symlinking /home/rxth/rakshith/data/work/asu/summer2020/kuka-path-planning-maze/catkin_ws/devel/share/common-lisp/ros/rll_msgs/msg/_package_JobEnvAction.lisp
Symlinking /home/rxth/rakshith/data/work/asu/summer2020/kuka-path-planning-maze/catkin_ws/devel/share/common-lisp/ros/rll_msgs/msg/JobEnvFeedback.lisp
Symlinking /home/rxth/rakshith/data/work/asu/summer2020/kuka-path-planning-maze/catkin_ws/devel/share/common-lisp/ros/rll_msgs/msg/JobEnvActionFeedback.lisp
Symlinking /home/rxth/rakshith/data/work/asu/summer2020/kuka-path-planning-maze/catkin_ws/devel/share/common-lisp/ros/rll_msgs/msg/_package_JobStatus.lisp
Symlinking /home/rxth/rakshith/data/work/asu/summer2020/kuka-path-planning-maze/catkin_ws/devel/share/common-lisp/ros/rll_msgs/msg/JobExtraField.lisp
Symlinking /home/rxth/rakshith/data/work/asu/summer2020/kuka-path-planning-maze/catkin_ws/devel/share/common-lisp/ros/rll_msgs/msg/_package_JobEnvResult.lisp
Symlinking /home/rxth/rakshith/data/work/asu/summer2020/kuka-path-planning-maze/catkin_ws/devel/share/common-lisp/ros/rll_msgs/msg/_package_JobExtraField.lisp
Symlinking /home/rxth/rakshith/data/work/asu/summer2020/kuka-path-planning-maze/catkin_ws/devel/share/common-lisp/ros/rll_msgs/msg/_package_JobEnvActionGoal.lisp
Symlinking /home/rxth/rakshith/data/work/asu/summer2020/kuka-path-planning-maze/catkin_ws/devel/share/common-lisp/ros/rll_msgs/msg/JobEnvActionGoal.lisp
Symlinking /home/rxth/rakshith/data/work/asu/summer2020/kuka-path-planning-maze/catkin_ws/devel/share/common-lisp/ros/rll_msgs/msg/_package.lisp
Symlinking /home/rxth/rakshith/data/work/asu/summer2020/kuka-path-planning-maze/catkin_ws/devel/share/common-lisp/ros/rll_msgs/msg/JobEnvGoal.lisp
Symlinking /home/rxth/rakshith/data/work/asu/summer2020/kuka-path-planning-maze/catkin_ws/devel/share/common-lisp/ros/rll_msgs/msg/_package_JobEnvActionResult.lisp
Symlinking /home/rxth/rakshith/data/work/asu/summer2020/kuka-path-planning-maze/catkin_ws/devel/share/common-lisp/ros/rll_msgs/msg/_package_JobEnvGoal.lisp
Symlinking /home/rxth/rakshith/data/work/asu/summer2020/kuka-path-planning-maze/catkin_ws/devel/share/common-lisp/ros/rll_msgs/msg/JobEnvResult.lisp
Symlinking /home/rxth/rakshith/data/work/asu/summer2020/kuka-path-planning-maze/catkin_ws/devel/share/common-lisp/ros/rll_msgs/msg/JobEnvAction.lisp
Symlinking /home/rxth/rakshith/data/work/asu/summer2020/kuka-path-planning-maze/catkin_ws/devel/share/common-lisp/ros/rll_msgs/srv/_package_MovePTPArmangle.lisp
Symlinking /home/rxth/rakshith/data/work/asu/summer2020/kuka-path-planning-maze/catkin_ws/devel/share/common-lisp/ros/rll_msgs/srv/_package_PickPlace.lisp
Symlinking /home/rxth/rakshith/data/work/asu/summer2020/kuka-path-planning-maze/catkin_ws/devel/share/common-lisp/ros/rll_msgs/srv/PickPlace.lisp
Symlinking /home/rxth/rakshith/data/work/asu/summer2020/kuka-path-planning-maze/catkin_ws/devel/share/common-lisp/ros/rll_msgs/srv/MoveRandom.lisp
Symlinking /home/rxth/rakshith/data/work/asu/summer2020/kuka-path-planning-maze/catkin_ws/devel/share/common-lisp/ros/rll_msgs/srv/_package_MovePTP.lisp
Symlinking /home/rxth/rakshith/data/work/asu/summer2020/kuka-path-planning-maze/catkin_ws/devel/share/common-lisp/ros/rll_msgs/srv/MoveLinArmangle.lisp
Symlinking /home/rxth/rakshith/data/work/asu/summer2020/kuka-path-planning-maze/catkin_ws/devel/share/common-lisp/ros/rll_msgs/srv/_package_MoveLinArmangle.lisp
Symlinking /home/rxth/rakshith/data/work/asu/summer2020/kuka-path-planning-maze/catkin_ws/devel/share/common-lisp/ros/rll_msgs/srv/MoveLin.lisp
Symlinking /home/rxth/rakshith/data/work/asu/summer2020/kuka-path-planning-maze/catkin_ws/devel/share/common-lisp/ros/rll_msgs/srv/MovePTP.lisp
Symlinking /home/rxth/rakshith/data/work/asu/summer2020/kuka-path-planning-maze/catkin_ws/devel/share/common-lisp/ros/rll_msgs/srv/_package_MoveRandom.lisp
Symlinking /home/rxth/rakshith/data/work/asu/summer2020/kuka-path-planning-maze/catkin_ws/devel/share/common-lisp/ros/rll_msgs/srv/_package_GetJointValues.lisp
Symlinking /home/rxth/rakshith/data/work/asu/summer2020/kuka-path-planning-maze/catkin_ws/devel/share/common-lisp/ros/rll_msgs/srv/_package_GetPose.lisp
Symlinking /home/rxth/rakshith/data/work/asu/summer2020/kuka-path-planning-maze/catkin_ws/devel/share/common-lisp/ros/rll_msgs/srv/_package_MoveJoints.lisp
Symlinking /home/rxth/rakshith/data/work/asu/summer2020/kuka-path-planning-maze/catkin_ws/devel/share/common-lisp/ros/rll_msgs/srv/_package_MoveLin.lisp
Symlinking /home/rxth/rakshith/data/work/asu/summer2020/kuka-path-planning-maze/catkin_ws/devel/share/common-lisp/ros/rll_msgs/srv/MoveJoints.lisp
Symlinking /home/rxth/rakshith/data/work/asu/summer2020/kuka-path-planning-maze/catkin_ws/devel/share/common-lisp/ros/rll_msgs/srv/_package.lisp
Symlinking /home/rxth/rakshith/data/work/asu/summer2020/kuka-path-planning-maze/catkin_ws/devel/share/common-lisp/ros/rll_msgs/srv/GetPose.lisp
Symlinking /home/rxth/rakshith/data/work/asu/summer2020/kuka-path-planning-maze/catkin_ws/devel/share/common-lisp/ros/rll_msgs/srv/rll_msgs-srv.asd
Symlinking /home/rxth/rakshith/data/work/asu/summer2020/kuka-path-planning-maze/catkin_ws/devel/share/common-lisp/ros/rll_msgs/srv/MovePTPArmangle.lisp
Symlinking /home/rxth/rakshith/data/work/asu/summer2020/kuka-path-planning-maze/catkin_ws/devel/share/common-lisp/ros/rll_msgs/srv/GetJointValues.lisp
Cleaning: (/home/rxth/rakshith/tmp/tmpRll/catkin_ws/devel/.private/rll_msgs/cmake.lock, /home/rxth/rakshith/tmp/tmpRll/catkin_ws/devel/./cmake.lock)
Cleaning: (/home/rxth/rakshith/tmp/tmpRll/catkin_ws/devel/.private/rll_msgs/include/rll_msgs/JobEnvGoal.h, /home/rxth/rakshith/tmp/tmpRll/catkin_ws/devel/include/rll_msgs/JobEnvGoal.h)
Cleaning: (/home/rxth/rakshith/tmp/tmpRll/catkin_ws/devel/.private/rll_msgs/include/rll_msgs/JobExtraField.h, /home/rxth/rakshith/tmp/tmpRll/catkin_ws/devel/include/rll_msgs/JobExtraField.h)
Cleaning: (/home/rxth/rakshith/tmp/tmpRll/catkin_ws/devel/.private/rll_msgs/include/rll_msgs/PickPlace.h, /home/rxth/rakshith/tmp/tmpRll/catkin_ws/devel/include/rll_msgs/PickPlace.h)
Cleaning: (/home/rxth/rakshith/tmp/tmpRll/catkin_ws/devel/.private/rll_msgs/include/rll_msgs/MoveLinArmangleResponse.h, /home/rxth/rakshith/tmp/tmpRll/catkin_ws/devel/include/rll_msgs/MoveLinArmangleResponse.h)
Cleaning: (/home/rxth/rakshith/tmp/tmpRll/catkin_ws/devel/.private/rll_msgs/include/rll_msgs/GetPoseResponse.h, /home/rxth/rakshith/tmp/tmpRll/catkin_ws/devel/include/rll_msgs/GetPoseResponse.h)
Cleaning: (/home/rxth/rakshith/tmp/tmpRll/catkin_ws/devel/.private/rll_msgs/include/rll_msgs/MoveLinRequest.h, /home/rxth/rakshith/tmp/tmpRll/catkin_ws/devel/include/rll_msgs/MoveLinRequest.h)
Cleaning: (/home/rxth/rakshith/tmp/tmpRll/catkin_ws/devel/.private/rll_msgs/include/rll_msgs/JobEnvAction.h, /home/rxth/rakshith/tmp/tmpRll/catkin_ws/devel/include/rll_msgs/JobEnvAction.h)
Cleaning: (/home/rxth/rakshith/tmp/tmpRll/catkin_ws/devel/.private/rll_msgs/include/rll_msgs/GetPose.h, /home/rxth/rakshith/tmp/tmpRll/catkin_ws/devel/include/rll_msgs/GetPose.h)
Cleaning: (/home/rxth/rakshith/tmp/tmpRll/catkin_ws/devel/.private/rll_msgs/include/rll_msgs/MoveLinResponse.h, /home/rxth/rakshith/tmp/tmpRll/catkin_ws/devel/include/rll_msgs/MoveLinResponse.h)
Cleaning: (/home/rxth/rakshith/tmp/tmpRll/catkin_ws/devel/.private/rll_msgs/include/rll_msgs/MovePTPResponse.h, /home/rxth/rakshith/tmp/tmpRll/catkin_ws/devel/include/rll_msgs/MovePTPResponse.h)
Cleaning: (/home/rxth/rakshith/tmp/tmpRll/catkin_ws/devel/.private/rll_msgs/include/rll_msgs/MoveLinArmangle.h, /home/rxth/rakshith/tmp/tmpRll/catkin_ws/devel/include/rll_msgs/MoveLinArmangle.h)
Cleaning: (/home/rxth/rakshith/tmp/tmpRll/catkin_ws/devel/.private/rll_msgs/include/rll_msgs/GetPoseRequest.h, /home/rxth/rakshith/tmp/tmpRll/catkin_ws/devel/include/rll_msgs/GetPoseRequest.h)
Cleaning: (/home/rxth/rakshith/tmp/tmpRll/catkin_ws/devel/.private/rll_msgs/include/rll_msgs/MovePTPArmangleRequest.h, /home/rxth/rakshith/tmp/tmpRll/catkin_ws/devel/include/rll_msgs/MovePTPArmangleRequest.h)
Cleaning: (/home/rxth/rakshith/tmp/tmpRll/catkin_ws/devel/.private/rll_msgs/include/rll_msgs/JobStatus.h, /home/rxth/rakshith/tmp/tmpRll/catkin_ws/devel/include/rll_msgs/JobStatus.h)
Cleaning: (/home/rxth/rakshith/tmp/tmpRll/catkin_ws/devel/.private/rll_msgs/include/rll_msgs/GetJointValuesResponse.h, /home/rxth/rakshith/tmp/tmpRll/catkin_ws/devel/include/rll_msgs/GetJointValuesResponse.h)
Cleaning: (/home/rxth/rakshith/tmp/tmpRll/catkin_ws/devel/.private/rll_msgs/include/rll_msgs/PickPlaceRequest.h, /home/rxth/rakshith/tmp/tmpRll/catkin_ws/devel/include/rll_msgs/PickPlaceRequest.h)
Cleaning: (/home/rxth/rakshith/tmp/tmpRll/catkin_ws/devel/.private/rll_msgs/include/rll_msgs/MovePTPArmangleResponse.h, /home/rxth/rakshith/tmp/tmpRll/catkin_ws/devel/include/rll_msgs/MovePTPArmangleResponse.h)
Cleaning: (/home/rxth/rakshith/tmp/tmpRll/catkin_ws/devel/.private/rll_msgs/include/rll_msgs/PickPlaceResponse.h, /home/rxth/rakshith/tmp/tmpRll/catkin_ws/devel/include/rll_msgs/PickPlaceResponse.h)
Cleaning: (/home/rxth/rakshith/tmp/tmpRll/catkin_ws/devel/.private/rll_msgs/include/rll_msgs/JobEnvActionGoal.h, /home/rxth/rakshith/tmp/tmpRll/catkin_ws/devel/include/rll_msgs/JobEnvActionGoal.h)
Cleaning: (/home/rxth/rakshith/tmp/tmpRll/catkin_ws/devel/.private/rll_msgs/include/rll_msgs/MoveLinArmangleRequest.h, /home/rxth/rakshith/tmp/tmpRll/catkin_ws/devel/include/rll_msgs/MoveLinArmangleRequest.h)
Cleaning: (/home/rxth/rakshith/tmp/tmpRll/catkin_ws/devel/.private/rll_msgs/include/rll_msgs/MovePTP.h, /home/rxth/rakshith/tmp/tmpRll/catkin_ws/devel/include/rll_msgs/MovePTP.h)
Cleaning: (/home/rxth/rakshith/tmp/tmpRll/catkin_ws/devel/.private/rll_msgs/include/rll_msgs/JobEnvResult.h, /home/rxth/rakshith/tmp/tmpRll/catkin_ws/devel/include/rll_msgs/JobEnvResult.h)
Cleaning: (/home/rxth/rakshith/tmp/tmpRll/catkin_ws/devel/.private/rll_msgs/include/rll_msgs/MovePTPArmangle.h, /home/rxth/rakshith/tmp/tmpRll/catkin_ws/devel/include/rll_msgs/MovePTPArmangle.h)
Cleaning: (/home/rxth/rakshith/tmp/tmpRll/catkin_ws/devel/.private/rll_msgs/include/rll_msgs/MovePTPRequest.h, /home/rxth/rakshith/tmp/tmpRll/catkin_ws/devel/include/rll_msgs/MovePTPRequest.h)
Cleaning: (/home/rxth/rakshith/tmp/tmpRll/catkin_ws/devel/.private/rll_msgs/include/rll_msgs/MoveRandom.h, /home/rxth/rakshith/tmp/tmpRll/catkin_ws/devel/include/rll_msgs/MoveRandom.h)
Cleaning: (/home/rxth/rakshith/tmp/tmpRll/catkin_ws/devel/.private/rll_msgs/include/rll_msgs/MoveJointsResponse.h, /home/rxth/rakshith/tmp/tmpRll/catkin_ws/devel/include/rll_msgs/MoveJointsResponse.h)
Cleaning: (/home/rxth/rakshith/tmp/tmpRll/catkin_ws/devel/.private/rll_msgs/include/rll_msgs/GetJointValues.h, /home/rxth/rakshith/tmp/tmpRll/catkin_ws/devel/include/rll_msgs/GetJointValues.h)
Cleaning: (/home/rxth/rakshith/tmp/tmpRll/catkin_ws/devel/.private/rll_msgs/include/rll_msgs/JobEnvFeedback.h, /home/rxth/rakshith/tmp/tmpRll/catkin_ws/devel/include/rll_msgs/JobEnvFeedback.h)
Cleaning: (/home/rxth/rakshith/tmp/tmpRll/catkin_ws/devel/.private/rll_msgs/include/rll_msgs/GetJointValuesRequest.h, /home/rxth/rakshith/tmp/tmpRll/catkin_ws/devel/include/rll_msgs/GetJointValuesRequest.h)
Cleaning: (/home/rxth/rakshith/tmp/tmpRll/catkin_ws/devel/.private/rll_msgs/include/rll_msgs/MoveJoints.h, /home/rxth/rakshith/tmp/tmpRll/catkin_ws/devel/include/rll_msgs/MoveJoints.h)
Cleaning: (/home/rxth/rakshith/tmp/tmpRll/catkin_ws/devel/.private/rll_msgs/include/rll_msgs/MoveLin.h, /home/rxth/rakshith/tmp/tmpRll/catkin_ws/devel/include/rll_msgs/MoveLin.h)
Cleaning: (/home/rxth/rakshith/tmp/tmpRll/catkin_ws/devel/.private/rll_msgs/include/rll_msgs/JobEnvActionFeedback.h, /home/rxth/rakshith/tmp/tmpRll/catkin_ws/devel/include/rll_msgs/JobEnvActionFeedback.h)
Cleaning: (/home/rxth/rakshith/tmp/tmpRll/catkin_ws/devel/.private/rll_msgs/include/rll_msgs/JobEnvActionResult.h, /home/rxth/rakshith/tmp/tmpRll/catkin_ws/devel/include/rll_msgs/JobEnvActionResult.h)
Cleaning: (/home/rxth/rakshith/tmp/tmpRll/catkin_ws/devel/.private/rll_msgs/include/rll_msgs/MoveRandomRequest.h, /home/rxth/rakshith/tmp/tmpRll/catkin_ws/devel/include/rll_msgs/MoveRandomRequest.h)
Cleaning: (/home/rxth/rakshith/tmp/tmpRll/catkin_ws/devel/.private/rll_msgs/include/rll_msgs/MoveRandomResponse.h, /home/rxth/rakshith/tmp/tmpRll/catkin_ws/devel/include/rll_msgs/MoveRandomResponse.h)
Cleaning: (/home/rxth/rakshith/tmp/tmpRll/catkin_ws/devel/.private/rll_msgs/include/rll_msgs/MoveJointsRequest.h, /home/rxth/rakshith/tmp/tmpRll/catkin_ws/devel/include/rll_msgs/MoveJointsRequest.h)
Cleaning: (/home/rxth/rakshith/tmp/tmpRll/catkin_ws/devel/.private/rll_msgs/lib/pkgconfig/rll_msgs.pc, /home/rxth/rakshith/tmp/tmpRll/catkin_ws/devel/lib/pkgconfig/rll_msgs.pc)
Cleaning: (/home/rxth/rakshith/tmp/tmpRll/catkin_ws/devel/.private/rll_msgs/lib/python2.7/dist-packages/rll_msgs/__init__.py, /home/rxth/rakshith/tmp/tmpRll/catkin_ws/devel/lib/python2.7/dist-packages/rll_msgs/__init__.py)
Cleaning: (/home/rxth/rakshith/tmp/tmpRll/catkin_ws/devel/.private/rll_msgs/lib/python2.7/dist-packages/rll_msgs/msg/__init__.py, /home/rxth/rakshith/tmp/tmpRll/catkin_ws/devel/lib/python2.7/dist-packages/rll_msgs/msg/__init__.py)
Cleaning: (/home/rxth/rakshith/tmp/tmpRll/catkin_ws/devel/.private/rll_msgs/lib/python2.7/dist-packages/rll_msgs/msg/_JobEnvActionFeedback.py, /home/rxth/rakshith/tmp/tmpRll/catkin_ws/devel/lib/python2.7/dist-packages/rll_msgs/msg/_JobEnvActionFeedback.py)
Cleaning: (/home/rxth/rakshith/tmp/tmpRll/catkin_ws/devel/.private/rll_msgs/lib/python2.7/dist-packages/rll_msgs/msg/_JobExtraField.py, /home/rxth/rakshith/tmp/tmpRll/catkin_ws/devel/lib/python2.7/dist-packages/rll_msgs/msg/_JobExtraField.py)
Cleaning: (/home/rxth/rakshith/tmp/tmpRll/catkin_ws/devel/.private/rll_msgs/lib/python2.7/dist-packages/rll_msgs/msg/_JobEnvResult.py, /home/rxth/rakshith/tmp/tmpRll/catkin_ws/devel/lib/python2.7/dist-packages/rll_msgs/msg/_JobEnvResult.py)
Cleaning: (/home/rxth/rakshith/tmp/tmpRll/catkin_ws/devel/.private/rll_msgs/lib/python2.7/dist-packages/rll_msgs/msg/_JobEnvAction.py, /home/rxth/rakshith/tmp/tmpRll/catkin_ws/devel/lib/python2.7/dist-packages/rll_msgs/msg/_JobEnvAction.py)
Cleaning: (/home/rxth/rakshith/tmp/tmpRll/catkin_ws/devel/.private/rll_msgs/lib/python2.7/dist-packages/rll_msgs/msg/_JobEnvFeedback.py, /home/rxth/rakshith/tmp/tmpRll/catkin_ws/devel/lib/python2.7/dist-packages/rll_msgs/msg/_JobEnvFeedback.py)
Cleaning: (/home/rxth/rakshith/tmp/tmpRll/catkin_ws/devel/.private/rll_msgs/lib/python2.7/dist-packages/rll_msgs/msg/_JobEnvActionResult.py, /home/rxth/rakshith/tmp/tmpRll/catkin_ws/devel/lib/python2.7/dist-packages/rll_msgs/msg/_JobEnvActionResult.py)
Cleaning: (/home/rxth/rakshith/tmp/tmpRll/catkin_ws/devel/.private/rll_msgs/lib/python2.7/dist-packages/rll_msgs/msg/_JobEnvActionGoal.py, /home/rxth/rakshith/tmp/tmpRll/catkin_ws/devel/lib/python2.7/dist-packages/rll_msgs/msg/_JobEnvActionGoal.py)
Cleaning: (/home/rxth/rakshith/tmp/tmpRll/catkin_ws/devel/.private/rll_msgs/lib/python2.7/dist-packages/rll_msgs/msg/_JobStatus.py, /home/rxth/rakshith/tmp/tmpRll/catkin_ws/devel/lib/python2.7/dist-packages/rll_msgs/msg/_JobStatus.py)
Cleaning: (/home/rxth/rakshith/tmp/tmpRll/catkin_ws/devel/.private/rll_msgs/lib/python2.7/dist-packages/rll_msgs/msg/_JobEnvGoal.py, /home/rxth/rakshith/tmp/tmpRll/catkin_ws/devel/lib/python2.7/dist-packages/rll_msgs/msg/_JobEnvGoal.py)
Cleaning: (/home/rxth/rakshith/tmp/tmpRll/catkin_ws/devel/.private/rll_msgs/lib/python2.7/dist-packages/rll_msgs/srv/_MovePTPArmangle.py, /home/rxth/rakshith/tmp/tmpRll/catkin_ws/devel/lib/python2.7/dist-packages/rll_msgs/srv/_MovePTPArmangle.py)
Cleaning: (/home/rxth/rakshith/tmp/tmpRll/catkin_ws/devel/.private/rll_msgs/lib/python2.7/dist-packages/rll_msgs/srv/__init__.py, /home/rxth/rakshith/tmp/tmpRll/catkin_ws/devel/lib/python2.7/dist-packages/rll_msgs/srv/__init__.py)
Cleaning: (/home/rxth/rakshith/tmp/tmpRll/catkin_ws/devel/.private/rll_msgs/lib/python2.7/dist-packages/rll_msgs/srv/_PickPlace.py, /home/rxth/rakshith/tmp/tmpRll/catkin_ws/devel/lib/python2.7/dist-packages/rll_msgs/srv/_PickPlace.py)
Cleaning: (/home/rxth/rakshith/tmp/tmpRll/catkin_ws/devel/.private/rll_msgs/lib/python2.7/dist-packages/rll_msgs/srv/_MoveRandom.py, /home/rxth/rakshith/tmp/tmpRll/catkin_ws/devel/lib/python2.7/dist-packages/rll_msgs/srv/_MoveRandom.py)
Cleaning: (/home/rxth/rakshith/tmp/tmpRll/catkin_ws/devel/.private/rll_msgs/lib/python2.7/dist-packages/rll_msgs/srv/_GetPose.py, /home/rxth/rakshith/tmp/tmpRll/catkin_ws/devel/lib/python2.7/dist-packages/rll_msgs/srv/_GetPose.py)
Cleaning: (/home/rxth/rakshith/tmp/tmpRll/catkin_ws/devel/.private/rll_msgs/lib/python2.7/dist-packages/rll_msgs/srv/_MoveLin.py, /home/rxth/rakshith/tmp/tmpRll/catkin_ws/devel/lib/python2.7/dist-packages/rll_msgs/srv/_MoveLin.py)
Cleaning: (/home/rxth/rakshith/tmp/tmpRll/catkin_ws/devel/.private/rll_msgs/lib/python2.7/dist-packages/rll_msgs/srv/_GetJointValues.py, /home/rxth/rakshith/tmp/tmpRll/catkin_ws/devel/lib/python2.7/dist-packages/rll_msgs/srv/_GetJointValues.py)
Cleaning: (/home/rxth/rakshith/tmp/tmpRll/catkin_ws/devel/.private/rll_msgs/lib/python2.7/dist-packages/rll_msgs/srv/_MoveLinArmangle.py, /home/rxth/rakshith/tmp/tmpRll/catkin_ws/devel/lib/python2.7/dist-packages/rll_msgs/srv/_MoveLinArmangle.py)
Cleaning: (/home/rxth/rakshith/tmp/tmpRll/catkin_ws/devel/.private/rll_msgs/lib/python2.7/dist-packages/rll_msgs/srv/_MoveJoints.py, /home/rxth/rakshith/tmp/tmpRll/catkin_ws/devel/lib/python2.7/dist-packages/rll_msgs/srv/_MoveJoints.py)
Cleaning: (/home/rxth/rakshith/tmp/tmpRll/catkin_ws/devel/.private/rll_msgs/lib/python2.7/dist-packages/rll_msgs/srv/_MovePTP.py, /home/rxth/rakshith/tmp/tmpRll/catkin_ws/devel/lib/python2.7/dist-packages/rll_msgs/srv/_MovePTP.py)
Cleaning: (/home/rxth/rakshith/tmp/tmpRll/catkin_ws/devel/.private/rll_msgs/share/gennodejs/ros/rll_msgs/_index.js, /home/rxth/rakshith/tmp/tmpRll/catkin_ws/devel/share/gennodejs/ros/rll_msgs/_index.js)
Cleaning: (/home/rxth/rakshith/tmp/tmpRll/catkin_ws/devel/.private/rll_msgs/share/gennodejs/ros/rll_msgs/msg/JobStatus.js, /home/rxth/rakshith/tmp/tmpRll/catkin_ws/devel/share/gennodejs/ros/rll_msgs/msg/JobStatus.js)
Cleaning: (/home/rxth/rakshith/tmp/tmpRll/catkin_ws/devel/.private/rll_msgs/share/gennodejs/ros/rll_msgs/msg/_index.js, /home/rxth/rakshith/tmp/tmpRll/catkin_ws/devel/share/gennodejs/ros/rll_msgs/msg/_index.js)
Cleaning: (/home/rxth/rakshith/tmp/tmpRll/catkin_ws/devel/.private/rll_msgs/share/gennodejs/ros/rll_msgs/msg/JobExtraField.js, /home/rxth/rakshith/tmp/tmpRll/catkin_ws/devel/share/gennodejs/ros/rll_msgs/msg/JobExtraField.js)
Cleaning: (/home/rxth/rakshith/tmp/tmpRll/catkin_ws/devel/.private/rll_msgs/share/gennodejs/ros/rll_msgs/msg/JobEnvFeedback.js, /home/rxth/rakshith/tmp/tmpRll/catkin_ws/devel/share/gennodejs/ros/rll_msgs/msg/JobEnvFeedback.js)
Cleaning: (/home/rxth/rakshith/tmp/tmpRll/catkin_ws/devel/.private/rll_msgs/share/gennodejs/ros/rll_msgs/msg/JobEnvGoal.js, /home/rxth/rakshith/tmp/tmpRll/catkin_ws/devel/share/gennodejs/ros/rll_msgs/msg/JobEnvGoal.js)
Cleaning: (/home/rxth/rakshith/tmp/tmpRll/catkin_ws/devel/.private/rll_msgs/share/gennodejs/ros/rll_msgs/msg/JobEnvAction.js, /home/rxth/rakshith/tmp/tmpRll/catkin_ws/devel/share/gennodejs/ros/rll_msgs/msg/JobEnvAction.js)
Cleaning: (/home/rxth/rakshith/tmp/tmpRll/catkin_ws/devel/.private/rll_msgs/share/gennodejs/ros/rll_msgs/msg/JobEnvActionResult.js, /home/rxth/rakshith/tmp/tmpRll/catkin_ws/devel/share/gennodejs/ros/rll_msgs/msg/JobEnvActionResult.js)
Cleaning: (/home/rxth/rakshith/tmp/tmpRll/catkin_ws/devel/.private/rll_msgs/share/gennodejs/ros/rll_msgs/msg/JobEnvActionFeedback.js, /home/rxth/rakshith/tmp/tmpRll/catkin_ws/devel/share/gennodejs/ros/rll_msgs/msg/JobEnvActionFeedback.js)
Cleaning: (/home/rxth/rakshith/tmp/tmpRll/catkin_ws/devel/.private/rll_msgs/share/gennodejs/ros/rll_msgs/msg/JobEnvResult.js, /home/rxth/rakshith/tmp/tmpRll/catkin_ws/devel/share/gennodejs/ros/rll_msgs/msg/JobEnvResult.js)
Cleaning: (/home/rxth/rakshith/tmp/tmpRll/catkin_ws/devel/.private/rll_msgs/share/gennodejs/ros/rll_msgs/msg/JobEnvActionGoal.js, /home/rxth/rakshith/tmp/tmpRll/catkin_ws/devel/share/gennodejs/ros/rll_msgs/msg/JobEnvActionGoal.js)
Cleaning: (/home/rxth/rakshith/tmp/tmpRll/catkin_ws/devel/.private/rll_msgs/share/gennodejs/ros/rll_msgs/srv/MovePTP.js, /home/rxth/rakshith/tmp/tmpRll/catkin_ws/devel/share/gennodejs/ros/rll_msgs/srv/MovePTP.js)
Cleaning: (/home/rxth/rakshith/tmp/tmpRll/catkin_ws/devel/.private/rll_msgs/share/gennodejs/ros/rll_msgs/srv/_index.js, /home/rxth/rakshith/tmp/tmpRll/catkin_ws/devel/share/gennodejs/ros/rll_msgs/srv/_index.js)
Cleaning: (/home/rxth/rakshith/tmp/tmpRll/catkin_ws/devel/.private/rll_msgs/share/gennodejs/ros/rll_msgs/srv/MovePTPArmangle.js, /home/rxth/rakshith/tmp/tmpRll/catkin_ws/devel/share/gennodejs/ros/rll_msgs/srv/MovePTPArmangle.js)
Cleaning: (/home/rxth/rakshith/tmp/tmpRll/catkin_ws/devel/.private/rll_msgs/share/gennodejs/ros/rll_msgs/srv/MoveLinArmangle.js, /home/rxth/rakshith/tmp/tmpRll/catkin_ws/devel/share/gennodejs/ros/rll_msgs/srv/MoveLinArmangle.js)
Cleaning: (/home/rxth/rakshith/tmp/tmpRll/catkin_ws/devel/.private/rll_msgs/share/gennodejs/ros/rll_msgs/srv/MoveLin.js, /home/rxth/rakshith/tmp/tmpRll/catkin_ws/devel/share/gennodejs/ros/rll_msgs/srv/MoveLin.js)
Cleaning: (/home/rxth/rakshith/tmp/tmpRll/catkin_ws/devel/.private/rll_msgs/share/gennodejs/ros/rll_msgs/srv/GetPose.js, /home/rxth/rakshith/tmp/tmpRll/catkin_ws/devel/share/gennodejs/ros/rll_msgs/srv/GetPose.js)
Cleaning: (/home/rxth/rakshith/tmp/tmpRll/catkin_ws/devel/.private/rll_msgs/share/gennodejs/ros/rll_msgs/srv/MoveJoints.js, /home/rxth/rakshith/tmp/tmpRll/catkin_ws/devel/share/gennodejs/ros/rll_msgs/srv/MoveJoints.js)
Cleaning: (/home/rxth/rakshith/tmp/tmpRll/catkin_ws/devel/.private/rll_msgs/share/gennodejs/ros/rll_msgs/srv/GetJointValues.js, /home/rxth/rakshith/tmp/tmpRll/catkin_ws/devel/share/gennodejs/ros/rll_msgs/srv/GetJointValues.js)
Cleaning: (/home/rxth/rakshith/tmp/tmpRll/catkin_ws/devel/.private/rll_msgs/share/gennodejs/ros/rll_msgs/srv/PickPlace.js, /home/rxth/rakshith/tmp/tmpRll/catkin_ws/devel/share/gennodejs/ros/rll_msgs/srv/PickPlace.js)
Cleaning: (/home/rxth/rakshith/tmp/tmpRll/catkin_ws/devel/.private/rll_msgs/share/gennodejs/ros/rll_msgs/srv/MoveRandom.js, /home/rxth/rakshith/tmp/tmpRll/catkin_ws/devel/share/gennodejs/ros/rll_msgs/srv/MoveRandom.js)
Cleaning: (/home/rxth/rakshith/tmp/tmpRll/catkin_ws/devel/.private/rll_msgs/share/roseus/ros/rll_msgs/manifest.l, /home/rxth/rakshith/tmp/tmpRll/catkin_ws/devel/share/roseus/ros/rll_msgs/manifest.l)
Cleaning: (/home/rxth/rakshith/tmp/tmpRll/catkin_ws/devel/.private/rll_msgs/share/roseus/ros/rll_msgs/msg/JobEnvActionFeedback.l, /home/rxth/rakshith/tmp/tmpRll/catkin_ws/devel/share/roseus/ros/rll_msgs/msg/JobEnvActionFeedback.l)
Cleaning: (/home/rxth/rakshith/tmp/tmpRll/catkin_ws/devel/.private/rll_msgs/share/roseus/ros/rll_msgs/msg/JobExtraField.l, /home/rxth/rakshith/tmp/tmpRll/catkin_ws/devel/share/roseus/ros/rll_msgs/msg/JobExtraField.l)
Cleaning: (/home/rxth/rakshith/tmp/tmpRll/catkin_ws/devel/.private/rll_msgs/share/roseus/ros/rll_msgs/msg/JobEnvAction.l, /home/rxth/rakshith/tmp/tmpRll/catkin_ws/devel/share/roseus/ros/rll_msgs/msg/JobEnvAction.l)
Cleaning: (/home/rxth/rakshith/tmp/tmpRll/catkin_ws/devel/.private/rll_msgs/share/roseus/ros/rll_msgs/msg/JobEnvGoal.l, /home/rxth/rakshith/tmp/tmpRll/catkin_ws/devel/share/roseus/ros/rll_msgs/msg/JobEnvGoal.l)
Cleaning: (/home/rxth/rakshith/tmp/tmpRll/catkin_ws/devel/.private/rll_msgs/share/roseus/ros/rll_msgs/msg/JobEnvActionGoal.l, /home/rxth/rakshith/tmp/tmpRll/catkin_ws/devel/share/roseus/ros/rll_msgs/msg/JobEnvActionGoal.l)
Cleaning: (/home/rxth/rakshith/tmp/tmpRll/catkin_ws/devel/.private/rll_msgs/share/roseus/ros/rll_msgs/msg/JobStatus.l, /home/rxth/rakshith/tmp/tmpRll/catkin_ws/devel/share/roseus/ros/rll_msgs/msg/JobStatus.l)
Cleaning: (/home/rxth/rakshith/tmp/tmpRll/catkin_ws/devel/.private/rll_msgs/share/roseus/ros/rll_msgs/msg/JobEnvResult.l, /home/rxth/rakshith/tmp/tmpRll/catkin_ws/devel/share/roseus/ros/rll_msgs/msg/JobEnvResult.l)
Cleaning: (/home/rxth/rakshith/tmp/tmpRll/catkin_ws/devel/.private/rll_msgs/share/roseus/ros/rll_msgs/msg/JobEnvActionResult.l, /home/rxth/rakshith/tmp/tmpRll/catkin_ws/devel/share/roseus/ros/rll_msgs/msg/JobEnvActionResult.l)
Cleaning: (/home/rxth/rakshith/tmp/tmpRll/catkin_ws/devel/.private/rll_msgs/share/roseus/ros/rll_msgs/msg/JobEnvFeedback.l, /home/rxth/rakshith/tmp/tmpRll/catkin_ws/devel/share/roseus/ros/rll_msgs/msg/JobEnvFeedback.l)
Cleaning: (/home/rxth/rakshith/tmp/tmpRll/catkin_ws/devel/.private/rll_msgs/share/roseus/ros/rll_msgs/srv/MoveLin.l, /home/rxth/rakshith/tmp/tmpRll/catkin_ws/devel/share/roseus/ros/rll_msgs/srv/MoveLin.l)
Cleaning: (/home/rxth/rakshith/tmp/tmpRll/catkin_ws/devel/.private/rll_msgs/share/roseus/ros/rll_msgs/srv/GetJointValues.l, /home/rxth/rakshith/tmp/tmpRll/catkin_ws/devel/share/roseus/ros/rll_msgs/srv/GetJointValues.l)
Cleaning: (/home/rxth/rakshith/tmp/tmpRll/catkin_ws/devel/.private/rll_msgs/share/roseus/ros/rll_msgs/srv/MoveRandom.l, /home/rxth/rakshith/tmp/tmpRll/catkin_ws/devel/share/roseus/ros/rll_msgs/srv/MoveRandom.l)
Cleaning: (/home/rxth/rakshith/tmp/tmpRll/catkin_ws/devel/.private/rll_msgs/share/roseus/ros/rll_msgs/srv/MoveJoints.l, /home/rxth/rakshith/tmp/tmpRll/catkin_ws/devel/share/roseus/ros/rll_msgs/srv/MoveJoints.l)
Cleaning: (/home/rxth/rakshith/tmp/tmpRll/catkin_ws/devel/.private/rll_msgs/share/roseus/ros/rll_msgs/srv/MovePTPArmangle.l, /home/rxth/rakshith/tmp/tmpRll/catkin_ws/devel/share/roseus/ros/rll_msgs/srv/MovePTPArmangle.l)
Cleaning: (/home/rxth/rakshith/tmp/tmpRll/catkin_ws/devel/.private/rll_msgs/share/roseus/ros/rll_msgs/srv/GetPose.l, /home/rxth/rakshith/tmp/tmpRll/catkin_ws/devel/share/roseus/ros/rll_msgs/srv/GetPose.l)
Cleaning: (/home/rxth/rakshith/tmp/tmpRll/catkin_ws/devel/.private/rll_msgs/share/roseus/ros/rll_msgs/srv/PickPlace.l, /home/rxth/rakshith/tmp/tmpRll/catkin_ws/devel/share/roseus/ros/rll_msgs/srv/PickPlace.l)
Cleaning: (/home/rxth/rakshith/tmp/tmpRll/catkin_ws/devel/.private/rll_msgs/share/roseus/ros/rll_msgs/srv/MovePTP.l, /home/rxth/rakshith/tmp/tmpRll/catkin_ws/devel/share/roseus/ros/rll_msgs/srv/MovePTP.l)
Cleaning: (/home/rxth/rakshith/tmp/tmpRll/catkin_ws/devel/.private/rll_msgs/share/roseus/ros/rll_msgs/srv/MoveLinArmangle.l, /home/rxth/rakshith/tmp/tmpRll/catkin_ws/devel/share/roseus/ros/rll_msgs/srv/MoveLinArmangle.l)
Cleaning: (/home/rxth/rakshith/tmp/tmpRll/catkin_ws/devel/.private/rll_msgs/share/rll_msgs/msg/JobEnvResult.msg, /home/rxth/rakshith/tmp/tmpRll/catkin_ws/devel/share/rll_msgs/msg/JobEnvResult.msg)
Cleaning: (/home/rxth/rakshith/tmp/tmpRll/catkin_ws/devel/.private/rll_msgs/share/rll_msgs/msg/JobEnvActionFeedback.msg, /home/rxth/rakshith/tmp/tmpRll/catkin_ws/devel/share/rll_msgs/msg/JobEnvActionFeedback.msg)
Cleaning: (/home/rxth/rakshith/tmp/tmpRll/catkin_ws/devel/.private/rll_msgs/share/rll_msgs/msg/JobEnvGoal.msg, /home/rxth/rakshith/tmp/tmpRll/catkin_ws/devel/share/rll_msgs/msg/JobEnvGoal.msg)
Cleaning: (/home/rxth/rakshith/tmp/tmpRll/catkin_ws/devel/.private/rll_msgs/share/rll_msgs/msg/JobEnvAction.msg, /home/rxth/rakshith/tmp/tmpRll/catkin_ws/devel/share/rll_msgs/msg/JobEnvAction.msg)
Cleaning: (/home/rxth/rakshith/tmp/tmpRll/catkin_ws/devel/.private/rll_msgs/share/rll_msgs/msg/JobEnvActionResult.msg, /home/rxth/rakshith/tmp/tmpRll/catkin_ws/devel/share/rll_msgs/msg/JobEnvActionResult.msg)
Cleaning: (/home/rxth/rakshith/tmp/tmpRll/catkin_ws/devel/.private/rll_msgs/share/rll_msgs/msg/JobEnvActionGoal.msg, /home/rxth/rakshith/tmp/tmpRll/catkin_ws/devel/share/rll_msgs/msg/JobEnvActionGoal.msg)
Cleaning: (/home/rxth/rakshith/tmp/tmpRll/catkin_ws/devel/.private/rll_msgs/share/rll_msgs/msg/JobEnvFeedback.msg, /home/rxth/rakshith/tmp/tmpRll/catkin_ws/devel/share/rll_msgs/msg/JobEnvFeedback.msg)
Cleaning: (/home/rxth/rakshith/tmp/tmpRll/catkin_ws/devel/.private/rll_msgs/share/rll_msgs/cmake/rll_msgs-msg-paths.cmake, /home/rxth/rakshith/tmp/tmpRll/catkin_ws/devel/share/rll_msgs/cmake/rll_msgs-msg-paths.cmake)
Cleaning: (/home/rxth/rakshith/tmp/tmpRll/catkin_ws/devel/.private/rll_msgs/share/rll_msgs/cmake/rll_msgs-msg-extras.cmake, /home/rxth/rakshith/tmp/tmpRll/catkin_ws/devel/share/rll_msgs/cmake/rll_msgs-msg-extras.cmake)
Cleaning: (/home/rxth/rakshith/tmp/tmpRll/catkin_ws/devel/.private/rll_msgs/share/rll_msgs/cmake/rll_msgsConfig-version.cmake, /home/rxth/rakshith/tmp/tmpRll/catkin_ws/devel/share/rll_msgs/cmake/rll_msgsConfig-version.cmake)
Cleaning: (/home/rxth/rakshith/tmp/tmpRll/catkin_ws/devel/.private/rll_msgs/share/rll_msgs/cmake/rll_msgsConfig.cmake, /home/rxth/rakshith/tmp/tmpRll/catkin_ws/devel/share/rll_msgs/cmake/rll_msgsConfig.cmake)
Cleaning: (/home/rxth/rakshith/tmp/tmpRll/catkin_ws/devel/.private/rll_msgs/share/common-lisp/ros/rll_msgs/msg/_package_JobEnvActionFeedback.lisp, /home/rxth/rakshith/tmp/tmpRll/catkin_ws/devel/share/common-lisp/ros/rll_msgs/msg/_package_JobEnvActionFeedback.lisp)
Cleaning: (/home/rxth/rakshith/tmp/tmpRll/catkin_ws/devel/.private/rll_msgs/share/common-lisp/ros/rll_msgs/msg/JobStatus.lisp, /home/rxth/rakshith/tmp/tmpRll/catkin_ws/devel/share/common-lisp/ros/rll_msgs/msg/JobStatus.lisp)
Cleaning: (/home/rxth/rakshith/tmp/tmpRll/catkin_ws/devel/.private/rll_msgs/share/common-lisp/ros/rll_msgs/msg/JobEnvActionResult.lisp, /home/rxth/rakshith/tmp/tmpRll/catkin_ws/devel/share/common-lisp/ros/rll_msgs/msg/JobEnvActionResult.lisp)
Cleaning: (/home/rxth/rakshith/tmp/tmpRll/catkin_ws/devel/.private/rll_msgs/share/common-lisp/ros/rll_msgs/msg/_package_JobEnvFeedback.lisp, /home/rxth/rakshith/tmp/tmpRll/catkin_ws/devel/share/common-lisp/ros/rll_msgs/msg/_package_JobEnvFeedback.lisp)
Cleaning: (/home/rxth/rakshith/tmp/tmpRll/catkin_ws/devel/.private/rll_msgs/share/common-lisp/ros/rll_msgs/msg/rll_msgs-msg.asd, /home/rxth/rakshith/tmp/tmpRll/catkin_ws/devel/share/common-lisp/ros/rll_msgs/msg/rll_msgs-msg.asd)
Cleaning: (/home/rxth/rakshith/tmp/tmpRll/catkin_ws/devel/.private/rll_msgs/share/common-lisp/ros/rll_msgs/msg/_package_JobEnvAction.lisp, /home/rxth/rakshith/tmp/tmpRll/catkin_ws/devel/share/common-lisp/ros/rll_msgs/msg/_package_JobEnvAction.lisp)
Cleaning: (/home/rxth/rakshith/tmp/tmpRll/catkin_ws/devel/.private/rll_msgs/share/common-lisp/ros/rll_msgs/msg/JobEnvFeedback.lisp, /home/rxth/rakshith/tmp/tmpRll/catkin_ws/devel/share/common-lisp/ros/rll_msgs/msg/JobEnvFeedback.lisp)
Cleaning: (/home/rxth/rakshith/tmp/tmpRll/catkin_ws/devel/.private/rll_msgs/share/common-lisp/ros/rll_msgs/msg/JobEnvActionFeedback.lisp, /home/rxth/rakshith/tmp/tmpRll/catkin_ws/devel/share/common-lisp/ros/rll_msgs/msg/JobEnvActionFeedback.lisp)
Cleaning: (/home/rxth/rakshith/tmp/tmpRll/catkin_ws/devel/.private/rll_msgs/share/common-lisp/ros/rll_msgs/msg/_package_JobStatus.lisp, /home/rxth/rakshith/tmp/tmpRll/catkin_ws/devel/share/common-lisp/ros/rll_msgs/msg/_package_JobStatus.lisp)
Cleaning: (/home/rxth/rakshith/tmp/tmpRll/catkin_ws/devel/.private/rll_msgs/share/common-lisp/ros/rll_msgs/msg/JobExtraField.lisp, /home/rxth/rakshith/tmp/tmpRll/catkin_ws/devel/share/common-lisp/ros/rll_msgs/msg/JobExtraField.lisp)
Cleaning: (/home/rxth/rakshith/tmp/tmpRll/catkin_ws/devel/.private/rll_msgs/share/common-lisp/ros/rll_msgs/msg/_package_JobEnvResult.lisp, /home/rxth/rakshith/tmp/tmpRll/catkin_ws/devel/share/common-lisp/ros/rll_msgs/msg/_package_JobEnvResult.lisp)
Cleaning: (/home/rxth/rakshith/tmp/tmpRll/catkin_ws/devel/.private/rll_msgs/share/common-lisp/ros/rll_msgs/msg/_package_JobExtraField.lisp, /home/rxth/rakshith/tmp/tmpRll/catkin_ws/devel/share/common-lisp/ros/rll_msgs/msg/_package_JobExtraField.lisp)
Cleaning: (/home/rxth/rakshith/tmp/tmpRll/catkin_ws/devel/.private/rll_msgs/share/common-lisp/ros/rll_msgs/msg/_package_JobEnvActionGoal.lisp, /home/rxth/rakshith/tmp/tmpRll/catkin_ws/devel/share/common-lisp/ros/rll_msgs/msg/_package_JobEnvActionGoal.lisp)
Cleaning: (/home/rxth/rakshith/tmp/tmpRll/catkin_ws/devel/.private/rll_msgs/share/common-lisp/ros/rll_msgs/msg/JobEnvActionGoal.lisp, /home/rxth/rakshith/tmp/tmpRll/catkin_ws/devel/share/common-lisp/ros/rll_msgs/msg/JobEnvActionGoal.lisp)
Cleaning: (/home/rxth/rakshith/tmp/tmpRll/catkin_ws/devel/.private/rll_msgs/share/common-lisp/ros/rll_msgs/msg/_package.lisp, /home/rxth/rakshith/tmp/tmpRll/catkin_ws/devel/share/common-lisp/ros/rll_msgs/msg/_package.lisp)
Cleaning: (/home/rxth/rakshith/tmp/tmpRll/catkin_ws/devel/.private/rll_msgs/share/common-lisp/ros/rll_msgs/msg/JobEnvGoal.lisp, /home/rxth/rakshith/tmp/tmpRll/catkin_ws/devel/share/common-lisp/ros/rll_msgs/msg/JobEnvGoal.lisp)
Cleaning: (/home/rxth/rakshith/tmp/tmpRll/catkin_ws/devel/.private/rll_msgs/share/common-lisp/ros/rll_msgs/msg/_package_JobEnvActionResult.lisp, /home/rxth/rakshith/tmp/tmpRll/catkin_ws/devel/share/common-lisp/ros/rll_msgs/msg/_package_JobEnvActionResult.lisp)
Cleaning: (/home/rxth/rakshith/tmp/tmpRll/catkin_ws/devel/.private/rll_msgs/share/common-lisp/ros/rll_msgs/msg/_package_JobEnvGoal.lisp, /home/rxth/rakshith/tmp/tmpRll/catkin_ws/devel/share/common-lisp/ros/rll_msgs/msg/_package_JobEnvGoal.lisp)
Cleaning: (/home/rxth/rakshith/tmp/tmpRll/catkin_ws/devel/.private/rll_msgs/share/common-lisp/ros/rll_msgs/msg/JobEnvResult.lisp, /home/rxth/rakshith/tmp/tmpRll/catkin_ws/devel/share/common-lisp/ros/rll_msgs/msg/JobEnvResult.lisp)
Cleaning: (/home/rxth/rakshith/tmp/tmpRll/catkin_ws/devel/.private/rll_msgs/share/common-lisp/ros/rll_msgs/msg/JobEnvAction.lisp, /home/rxth/rakshith/tmp/tmpRll/catkin_ws/devel/share/common-lisp/ros/rll_msgs/msg/JobEnvAction.lisp)
Cleaning: (/home/rxth/rakshith/tmp/tmpRll/catkin_ws/devel/.private/rll_msgs/share/common-lisp/ros/rll_msgs/srv/_package_MovePTPArmangle.lisp, /home/rxth/rakshith/tmp/tmpRll/catkin_ws/devel/share/common-lisp/ros/rll_msgs/srv/_package_MovePTPArmangle.lisp)
Cleaning: (/home/rxth/rakshith/tmp/tmpRll/catkin_ws/devel/.private/rll_msgs/share/common-lisp/ros/rll_msgs/srv/_package_PickPlace.lisp, /home/rxth/rakshith/tmp/tmpRll/catkin_ws/devel/share/common-lisp/ros/rll_msgs/srv/_package_PickPlace.lisp)
Cleaning: (/home/rxth/rakshith/tmp/tmpRll/catkin_ws/devel/.private/rll_msgs/share/common-lisp/ros/rll_msgs/srv/PickPlace.lisp, /home/rxth/rakshith/tmp/tmpRll/catkin_ws/devel/share/common-lisp/ros/rll_msgs/srv/PickPlace.lisp)
Cleaning: (/home/rxth/rakshith/tmp/tmpRll/catkin_ws/devel/.private/rll_msgs/share/common-lisp/ros/rll_msgs/srv/MoveRandom.lisp, /home/rxth/rakshith/tmp/tmpRll/catkin_ws/devel/share/common-lisp/ros/rll_msgs/srv/MoveRandom.lisp)
Cleaning: (/home/rxth/rakshith/tmp/tmpRll/catkin_ws/devel/.private/rll_msgs/share/common-lisp/ros/rll_msgs/srv/_package_MovePTP.lisp, /home/rxth/rakshith/tmp/tmpRll/catkin_ws/devel/share/common-lisp/ros/rll_msgs/srv/_package_MovePTP.lisp)
Cleaning: (/home/rxth/rakshith/tmp/tmpRll/catkin_ws/devel/.private/rll_msgs/share/common-lisp/ros/rll_msgs/srv/MoveLinArmangle.lisp, /home/rxth/rakshith/tmp/tmpRll/catkin_ws/devel/share/common-lisp/ros/rll_msgs/srv/MoveLinArmangle.lisp)
Cleaning: (/home/rxth/rakshith/tmp/tmpRll/catkin_ws/devel/.private/rll_msgs/share/common-lisp/ros/rll_msgs/srv/_package_MoveLinArmangle.lisp, /home/rxth/rakshith/tmp/tmpRll/catkin_ws/devel/share/common-lisp/ros/rll_msgs/srv/_package_MoveLinArmangle.lisp)
Cleaning: (/home/rxth/rakshith/tmp/tmpRll/catkin_ws/devel/.private/rll_msgs/share/common-lisp/ros/rll_msgs/srv/MoveLin.lisp, /home/rxth/rakshith/tmp/tmpRll/catkin_ws/devel/share/common-lisp/ros/rll_msgs/srv/MoveLin.lisp)
Cleaning: (/home/rxth/rakshith/tmp/tmpRll/catkin_ws/devel/.private/rll_msgs/share/common-lisp/ros/rll_msgs/srv/MovePTP.lisp, /home/rxth/rakshith/tmp/tmpRll/catkin_ws/devel/share/common-lisp/ros/rll_msgs/srv/MovePTP.lisp)
Cleaning: (/home/rxth/rakshith/tmp/tmpRll/catkin_ws/devel/.private/rll_msgs/share/common-lisp/ros/rll_msgs/srv/_package_MoveRandom.lisp, /home/rxth/rakshith/tmp/tmpRll/catkin_ws/devel/share/common-lisp/ros/rll_msgs/srv/_package_MoveRandom.lisp)
Cleaning: (/home/rxth/rakshith/tmp/tmpRll/catkin_ws/devel/.private/rll_msgs/share/common-lisp/ros/rll_msgs/srv/_package_GetJointValues.lisp, /home/rxth/rakshith/tmp/tmpRll/catkin_ws/devel/share/common-lisp/ros/rll_msgs/srv/_package_GetJointValues.lisp)
Cleaning: (/home/rxth/rakshith/tmp/tmpRll/catkin_ws/devel/.private/rll_msgs/share/common-lisp/ros/rll_msgs/srv/_package_GetPose.lisp, /home/rxth/rakshith/tmp/tmpRll/catkin_ws/devel/share/common-lisp/ros/rll_msgs/srv/_package_GetPose.lisp)
Cleaning: (/home/rxth/rakshith/tmp/tmpRll/catkin_ws/devel/.private/rll_msgs/share/common-lisp/ros/rll_msgs/srv/_package_MoveJoints.lisp, /home/rxth/rakshith/tmp/tmpRll/catkin_ws/devel/share/common-lisp/ros/rll_msgs/srv/_package_MoveJoints.lisp)
Cleaning: (/home/rxth/rakshith/tmp/tmpRll/catkin_ws/devel/.private/rll_msgs/share/common-lisp/ros/rll_msgs/srv/_package_MoveLin.lisp, /home/rxth/rakshith/tmp/tmpRll/catkin_ws/devel/share/common-lisp/ros/rll_msgs/srv/_package_MoveLin.lisp)
Cleaning: (/home/rxth/rakshith/tmp/tmpRll/catkin_ws/devel/.private/rll_msgs/share/common-lisp/ros/rll_msgs/srv/MoveJoints.lisp, /home/rxth/rakshith/tmp/tmpRll/catkin_ws/devel/share/common-lisp/ros/rll_msgs/srv/MoveJoints.lisp)
Cleaning: (/home/rxth/rakshith/tmp/tmpRll/catkin_ws/devel/.private/rll_msgs/share/common-lisp/ros/rll_msgs/srv/_package.lisp, /home/rxth/rakshith/tmp/tmpRll/catkin_ws/devel/share/common-lisp/ros/rll_msgs/srv/_package.lisp)
Cleaning: (/home/rxth/rakshith/tmp/tmpRll/catkin_ws/devel/.private/rll_msgs/share/common-lisp/ros/rll_msgs/srv/GetPose.lisp, /home/rxth/rakshith/tmp/tmpRll/catkin_ws/devel/share/common-lisp/ros/rll_msgs/srv/GetPose.lisp)
Cleaning: (/home/rxth/rakshith/tmp/tmpRll/catkin_ws/devel/.private/rll_msgs/share/common-lisp/ros/rll_msgs/srv/rll_msgs-srv.asd, /home/rxth/rakshith/tmp/tmpRll/catkin_ws/devel/share/common-lisp/ros/rll_msgs/srv/rll_msgs-srv.asd)
Cleaning: (/home/rxth/rakshith/tmp/tmpRll/catkin_ws/devel/.private/rll_msgs/share/common-lisp/ros/rll_msgs/srv/MovePTPArmangle.lisp, /home/rxth/rakshith/tmp/tmpRll/catkin_ws/devel/share/common-lisp/ros/rll_msgs/srv/MovePTPArmangle.lisp)
Cleaning: (/home/rxth/rakshith/tmp/tmpRll/catkin_ws/devel/.private/rll_msgs/share/common-lisp/ros/rll_msgs/srv/GetJointValues.lisp, /home/rxth/rakshith/tmp/tmpRll/catkin_ws/devel/share/common-lisp/ros/rll_msgs/srv/GetJointValues.lisp)
Unlinking: /home/rxth/rakshith/tmp/tmpRll/catkin_ws/devel/include/rll_msgs/JobEnvGoal.h
Unlinking: /home/rxth/rakshith/tmp/tmpRll/catkin_ws/devel/include/rll_msgs/JobExtraField.h
Unlinking: /home/rxth/rakshith/tmp/tmpRll/catkin_ws/devel/include/rll_msgs/PickPlace.h
Unlinking: /home/rxth/rakshith/tmp/tmpRll/catkin_ws/devel/include/rll_msgs/MoveLinArmangleResponse.h
Unlinking: /home/rxth/rakshith/tmp/tmpRll/catkin_ws/devel/include/rll_msgs/GetPoseResponse.h
Unlinking: /home/rxth/rakshith/tmp/tmpRll/catkin_ws/devel/include/rll_msgs/MoveLinRequest.h
Unlinking: /home/rxth/rakshith/tmp/tmpRll/catkin_ws/devel/include/rll_msgs/JobEnvAction.h
Unlinking: /home/rxth/rakshith/tmp/tmpRll/catkin_ws/devel/include/rll_msgs/GetPose.h
Unlinking: /home/rxth/rakshith/tmp/tmpRll/catkin_ws/devel/include/rll_msgs/MoveLinResponse.h
Unlinking: /home/rxth/rakshith/tmp/tmpRll/catkin_ws/devel/include/rll_msgs/MovePTPResponse.h
Unlinking: /home/rxth/rakshith/tmp/tmpRll/catkin_ws/devel/include/rll_msgs/MoveLinArmangle.h
Unlinking: /home/rxth/rakshith/tmp/tmpRll/catkin_ws/devel/include/rll_msgs/GetPoseRequest.h
Unlinking: /home/rxth/rakshith/tmp/tmpRll/catkin_ws/devel/include/rll_msgs/MovePTPArmangleRequest.h
Unlinking: /home/rxth/rakshith/tmp/tmpRll/catkin_ws/devel/include/rll_msgs/JobStatus.h
Unlinking: /home/rxth/rakshith/tmp/tmpRll/catkin_ws/devel/include/rll_msgs/GetJointValuesResponse.h
Unlinking: /home/rxth/rakshith/tmp/tmpRll/catkin_ws/devel/include/rll_msgs/PickPlaceRequest.h
Unlinking: /home/rxth/rakshith/tmp/tmpRll/catkin_ws/devel/include/rll_msgs/MovePTPArmangleResponse.h
Unlinking: /home/rxth/rakshith/tmp/tmpRll/catkin_ws/devel/include/rll_msgs/PickPlaceResponse.h
Unlinking: /home/rxth/rakshith/tmp/tmpRll/catkin_ws/devel/include/rll_msgs/JobEnvActionGoal.h
Unlinking: /home/rxth/rakshith/tmp/tmpRll/catkin_ws/devel/include/rll_msgs/MoveLinArmangleRequest.h
Unlinking: /home/rxth/rakshith/tmp/tmpRll/catkin_ws/devel/include/rll_msgs/MovePTP.h
Unlinking: /home/rxth/rakshith/tmp/tmpRll/catkin_ws/devel/include/rll_msgs/JobEnvResult.h
Unlinking: /home/rxth/rakshith/tmp/tmpRll/catkin_ws/devel/include/rll_msgs/MovePTPArmangle.h
Unlinking: /home/rxth/rakshith/tmp/tmpRll/catkin_ws/devel/include/rll_msgs/MovePTPRequest.h
Unlinking: /home/rxth/rakshith/tmp/tmpRll/catkin_ws/devel/include/rll_msgs/MoveRandom.h
Unlinking: /home/rxth/rakshith/tmp/tmpRll/catkin_ws/devel/include/rll_msgs/MoveJointsResponse.h
Unlinking: /home/rxth/rakshith/tmp/tmpRll/catkin_ws/devel/include/rll_msgs/GetJointValues.h
Unlinking: /home/rxth/rakshith/tmp/tmpRll/catkin_ws/devel/include/rll_msgs/JobEnvFeedback.h
Unlinking: /home/rxth/rakshith/tmp/tmpRll/catkin_ws/devel/include/rll_msgs/GetJointValuesRequest.h
Unlinking: /home/rxth/rakshith/tmp/tmpRll/catkin_ws/devel/include/rll_msgs/MoveJoints.h
Unlinking: /home/rxth/rakshith/tmp/tmpRll/catkin_ws/devel/include/rll_msgs/MoveLin.h
Unlinking: /home/rxth/rakshith/tmp/tmpRll/catkin_ws/devel/include/rll_msgs/JobEnvActionFeedback.h
Unlinking: /home/rxth/rakshith/tmp/tmpRll/catkin_ws/devel/include/rll_msgs/JobEnvActionResult.h
Unlinking: /home/rxth/rakshith/tmp/tmpRll/catkin_ws/devel/include/rll_msgs/MoveRandomRequest.h
Unlinking: /home/rxth/rakshith/tmp/tmpRll/catkin_ws/devel/include/rll_msgs/MoveRandomResponse.h
Unlinking: /home/rxth/rakshith/tmp/tmpRll/catkin_ws/devel/include/rll_msgs/MoveJointsRequest.h
Unlinking: /home/rxth/rakshith/tmp/tmpRll/catkin_ws/devel/lib/pkgconfig/rll_msgs.pc
Unlinking: /home/rxth/rakshith/tmp/tmpRll/catkin_ws/devel/lib/python2.7/dist-packages/rll_msgs/__init__.py
Unlinking: /home/rxth/rakshith/tmp/tmpRll/catkin_ws/devel/lib/python2.7/dist-packages/rll_msgs/msg/__init__.py
Unlinking: /home/rxth/rakshith/tmp/tmpRll/catkin_ws/devel/lib/python2.7/dist-packages/rll_msgs/msg/_JobEnvActionFeedback.py
Unlinking: /home/rxth/rakshith/tmp/tmpRll/catkin_ws/devel/lib/python2.7/dist-packages/rll_msgs/msg/_JobExtraField.py
Unlinking: /home/rxth/rakshith/tmp/tmpRll/catkin_ws/devel/lib/python2.7/dist-packages/rll_msgs/msg/_JobEnvResult.py
Unlinking: /home/rxth/rakshith/tmp/tmpRll/catkin_ws/devel/lib/python2.7/dist-packages/rll_msgs/msg/_JobEnvAction.py
Unlinking: /home/rxth/rakshith/tmp/tmpRll/catkin_ws/devel/lib/python2.7/dist-packages/rll_msgs/msg/_JobEnvFeedback.py
Unlinking: /home/rxth/rakshith/tmp/tmpRll/catkin_ws/devel/lib/python2.7/dist-packages/rll_msgs/msg/_JobEnvActionResult.py
Unlinking: /home/rxth/rakshith/tmp/tmpRll/catkin_ws/devel/lib/python2.7/dist-packages/rll_msgs/msg/_JobEnvActionGoal.py
Unlinking: /home/rxth/rakshith/tmp/tmpRll/catkin_ws/devel/lib/python2.7/dist-packages/rll_msgs/msg/_JobStatus.py
Unlinking: /home/rxth/rakshith/tmp/tmpRll/catkin_ws/devel/lib/python2.7/dist-packages/rll_msgs/msg/_JobEnvGoal.py
Unlinking: /home/rxth/rakshith/tmp/tmpRll/catkin_ws/devel/lib/python2.7/dist-packages/rll_msgs/srv/_MovePTPArmangle.py
Unlinking: /home/rxth/rakshith/tmp/tmpRll/catkin_ws/devel/lib/python2.7/dist-packages/rll_msgs/srv/__init__.py
Unlinking: /home/rxth/rakshith/tmp/tmpRll/catkin_ws/devel/lib/python2.7/dist-packages/rll_msgs/srv/_PickPlace.py
Unlinking: /home/rxth/rakshith/tmp/tmpRll/catkin_ws/devel/lib/python2.7/dist-packages/rll_msgs/srv/_MoveRandom.py
Unlinking: /home/rxth/rakshith/tmp/tmpRll/catkin_ws/devel/lib/python2.7/dist-packages/rll_msgs/srv/_GetPose.py
Unlinking: /home/rxth/rakshith/tmp/tmpRll/catkin_ws/devel/lib/python2.7/dist-packages/rll_msgs/srv/_MoveLin.py
Unlinking: /home/rxth/rakshith/tmp/tmpRll/catkin_ws/devel/lib/python2.7/dist-packages/rll_msgs/srv/_GetJointValues.py
Unlinking: /home/rxth/rakshith/tmp/tmpRll/catkin_ws/devel/lib/python2.7/dist-packages/rll_msgs/srv/_MoveLinArmangle.py
Unlinking: /home/rxth/rakshith/tmp/tmpRll/catkin_ws/devel/lib/python2.7/dist-packages/rll_msgs/srv/_MoveJoints.py
Unlinking: /home/rxth/rakshith/tmp/tmpRll/catkin_ws/devel/lib/python2.7/dist-packages/rll_msgs/srv/_MovePTP.py
Unlinking: /home/rxth/rakshith/tmp/tmpRll/catkin_ws/devel/share/gennodejs/ros/rll_msgs/_index.js
Unlinking: /home/rxth/rakshith/tmp/tmpRll/catkin_ws/devel/share/gennodejs/ros/rll_msgs/msg/JobStatus.js
Unlinking: /home/rxth/rakshith/tmp/tmpRll/catkin_ws/devel/share/gennodejs/ros/rll_msgs/msg/_index.js
Unlinking: /home/rxth/rakshith/tmp/tmpRll/catkin_ws/devel/share/gennodejs/ros/rll_msgs/msg/JobExtraField.js
Unlinking: /home/rxth/rakshith/tmp/tmpRll/catkin_ws/devel/share/gennodejs/ros/rll_msgs/msg/JobEnvFeedback.js
Unlinking: /home/rxth/rakshith/tmp/tmpRll/catkin_ws/devel/share/gennodejs/ros/rll_msgs/msg/JobEnvGoal.js
Unlinking: /home/rxth/rakshith/tmp/tmpRll/catkin_ws/devel/share/gennodejs/ros/rll_msgs/msg/JobEnvAction.js
Unlinking: /home/rxth/rakshith/tmp/tmpRll/catkin_ws/devel/share/gennodejs/ros/rll_msgs/msg/JobEnvActionResult.js
Unlinking: /home/rxth/rakshith/tmp/tmpRll/catkin_ws/devel/share/gennodejs/ros/rll_msgs/msg/JobEnvActionFeedback.js
Unlinking: /home/rxth/rakshith/tmp/tmpRll/catkin_ws/devel/share/gennodejs/ros/rll_msgs/msg/JobEnvResult.js
Unlinking: /home/rxth/rakshith/tmp/tmpRll/catkin_ws/devel/share/gennodejs/ros/rll_msgs/msg/JobEnvActionGoal.js
Unlinking: /home/rxth/rakshith/tmp/tmpRll/catkin_ws/devel/share/gennodejs/ros/rll_msgs/srv/MovePTP.js
Unlinking: /home/rxth/rakshith/tmp/tmpRll/catkin_ws/devel/share/gennodejs/ros/rll_msgs/srv/_index.js
Unlinking: /home/rxth/rakshith/tmp/tmpRll/catkin_ws/devel/share/gennodejs/ros/rll_msgs/srv/MovePTPArmangle.js
Unlinking: /home/rxth/rakshith/tmp/tmpRll/catkin_ws/devel/share/gennodejs/ros/rll_msgs/srv/MoveLinArmangle.js
Unlinking: /home/rxth/rakshith/tmp/tmpRll/catkin_ws/devel/share/gennodejs/ros/rll_msgs/srv/MoveLin.js
Unlinking: /home/rxth/rakshith/tmp/tmpRll/catkin_ws/devel/share/gennodejs/ros/rll_msgs/srv/GetPose.js
Unlinking: /home/rxth/rakshith/tmp/tmpRll/catkin_ws/devel/share/gennodejs/ros/rll_msgs/srv/MoveJoints.js
Unlinking: /home/rxth/rakshith/tmp/tmpRll/catkin_ws/devel/share/gennodejs/ros/rll_msgs/srv/GetJointValues.js
Unlinking: /home/rxth/rakshith/tmp/tmpRll/catkin_ws/devel/share/gennodejs/ros/rll_msgs/srv/PickPlace.js
Unlinking: /home/rxth/rakshith/tmp/tmpRll/catkin_ws/devel/share/gennodejs/ros/rll_msgs/srv/MoveRandom.js
Unlinking: /home/rxth/rakshith/tmp/tmpRll/catkin_ws/devel/share/roseus/ros/rll_msgs/manifest.l
Unlinking: /home/rxth/rakshith/tmp/tmpRll/catkin_ws/devel/share/roseus/ros/rll_msgs/msg/JobEnvActionFeedback.l
Unlinking: /home/rxth/rakshith/tmp/tmpRll/catkin_ws/devel/share/roseus/ros/rll_msgs/msg/JobExtraField.l
Unlinking: /home/rxth/rakshith/tmp/tmpRll/catkin_ws/devel/share/roseus/ros/rll_msgs/msg/JobEnvAction.l
Unlinking: /home/rxth/rakshith/tmp/tmpRll/catkin_ws/devel/share/roseus/ros/rll_msgs/msg/JobEnvGoal.l
Unlinking: /home/rxth/rakshith/tmp/tmpRll/catkin_ws/devel/share/roseus/ros/rll_msgs/msg/JobEnvActionGoal.l
Unlinking: /home/rxth/rakshith/tmp/tmpRll/catkin_ws/devel/share/roseus/ros/rll_msgs/msg/JobStatus.l
Unlinking: /home/rxth/rakshith/tmp/tmpRll/catkin_ws/devel/share/roseus/ros/rll_msgs/msg/JobEnvResult.l
Unlinking: /home/rxth/rakshith/tmp/tmpRll/catkin_ws/devel/share/roseus/ros/rll_msgs/msg/JobEnvActionResult.l
Unlinking: /home/rxth/rakshith/tmp/tmpRll/catkin_ws/devel/share/roseus/ros/rll_msgs/msg/JobEnvFeedback.l
Unlinking: /home/rxth/rakshith/tmp/tmpRll/catkin_ws/devel/share/roseus/ros/rll_msgs/srv/MoveLin.l
Unlinking: /home/rxth/rakshith/tmp/tmpRll/catkin_ws/devel/share/roseus/ros/rll_msgs/srv/GetJointValues.l
Unlinking: /home/rxth/rakshith/tmp/tmpRll/catkin_ws/devel/share/roseus/ros/rll_msgs/srv/MoveRandom.l
Unlinking: /home/rxth/rakshith/tmp/tmpRll/catkin_ws/devel/share/roseus/ros/rll_msgs/srv/MoveJoints.l
Unlinking: /home/rxth/rakshith/tmp/tmpRll/catkin_ws/devel/share/roseus/ros/rll_msgs/srv/MovePTPArmangle.l
Unlinking: /home/rxth/rakshith/tmp/tmpRll/catkin_ws/devel/share/roseus/ros/rll_msgs/srv/GetPose.l
Unlinking: /home/rxth/rakshith/tmp/tmpRll/catkin_ws/devel/share/roseus/ros/rll_msgs/srv/PickPlace.l
Unlinking: /home/rxth/rakshith/tmp/tmpRll/catkin_ws/devel/share/roseus/ros/rll_msgs/srv/MovePTP.l
Unlinking: /home/rxth/rakshith/tmp/tmpRll/catkin_ws/devel/share/roseus/ros/rll_msgs/srv/MoveLinArmangle.l
Unlinking: /home/rxth/rakshith/tmp/tmpRll/catkin_ws/devel/share/rll_msgs/msg/JobEnvResult.msg
Unlinking: /home/rxth/rakshith/tmp/tmpRll/catkin_ws/devel/share/rll_msgs/msg/JobEnvActionFeedback.msg
Unlinking: /home/rxth/rakshith/tmp/tmpRll/catkin_ws/devel/share/rll_msgs/msg/JobEnvGoal.msg
Unlinking: /home/rxth/rakshith/tmp/tmpRll/catkin_ws/devel/share/rll_msgs/msg/JobEnvAction.msg
Unlinking: /home/rxth/rakshith/tmp/tmpRll/catkin_ws/devel/share/rll_msgs/msg/JobEnvActionResult.msg
Unlinking: /home/rxth/rakshith/tmp/tmpRll/catkin_ws/devel/share/rll_msgs/msg/JobEnvActionGoal.msg
Unlinking: /home/rxth/rakshith/tmp/tmpRll/catkin_ws/devel/share/rll_msgs/msg/JobEnvFeedback.msg
Unlinking: /home/rxth/rakshith/tmp/tmpRll/catkin_ws/devel/share/rll_msgs/cmake/rll_msgs-msg-paths.cmake
Unlinking: /home/rxth/rakshith/tmp/tmpRll/catkin_ws/devel/share/rll_msgs/cmake/rll_msgs-msg-extras.cmake
Unlinking: /home/rxth/rakshith/tmp/tmpRll/catkin_ws/devel/share/rll_msgs/cmake/rll_msgsConfig-version.cmake
Unlinking: /home/rxth/rakshith/tmp/tmpRll/catkin_ws/devel/share/rll_msgs/cmake/rll_msgsConfig.cmake
Unlinking: /home/rxth/rakshith/tmp/tmpRll/catkin_ws/devel/share/common-lisp/ros/rll_msgs/msg/_package_JobEnvActionFeedback.lisp
Unlinking: /home/rxth/rakshith/tmp/tmpRll/catkin_ws/devel/share/common-lisp/ros/rll_msgs/msg/JobStatus.lisp
Unlinking: /home/rxth/rakshith/tmp/tmpRll/catkin_ws/devel/share/common-lisp/ros/rll_msgs/msg/JobEnvActionResult.lisp
Unlinking: /home/rxth/rakshith/tmp/tmpRll/catkin_ws/devel/share/common-lisp/ros/rll_msgs/msg/_package_JobEnvFeedback.lisp
Unlinking: /home/rxth/rakshith/tmp/tmpRll/catkin_ws/devel/share/common-lisp/ros/rll_msgs/msg/rll_msgs-msg.asd
Unlinking: /home/rxth/rakshith/tmp/tmpRll/catkin_ws/devel/share/common-lisp/ros/rll_msgs/msg/_package_JobEnvAction.lisp
Unlinking: /home/rxth/rakshith/tmp/tmpRll/catkin_ws/devel/share/common-lisp/ros/rll_msgs/msg/JobEnvFeedback.lisp
Unlinking: /home/rxth/rakshith/tmp/tmpRll/catkin_ws/devel/share/common-lisp/ros/rll_msgs/msg/JobEnvActionFeedback.lisp
Unlinking: /home/rxth/rakshith/tmp/tmpRll/catkin_ws/devel/share/common-lisp/ros/rll_msgs/msg/_package_JobStatus.lisp
Unlinking: /home/rxth/rakshith/tmp/tmpRll/catkin_ws/devel/share/common-lisp/ros/rll_msgs/msg/JobExtraField.lisp
Unlinking: /home/rxth/rakshith/tmp/tmpRll/catkin_ws/devel/share/common-lisp/ros/rll_msgs/msg/_package_JobEnvResult.lisp
Unlinking: /home/rxth/rakshith/tmp/tmpRll/catkin_ws/devel/share/common-lisp/ros/rll_msgs/msg/_package_JobExtraField.lisp
Unlinking: /home/rxth/rakshith/tmp/tmpRll/catkin_ws/devel/share/common-lisp/ros/rll_msgs/msg/_package_JobEnvActionGoal.lisp
Unlinking: /home/rxth/rakshith/tmp/tmpRll/catkin_ws/devel/share/common-lisp/ros/rll_msgs/msg/JobEnvActionGoal.lisp
Unlinking: /home/rxth/rakshith/tmp/tmpRll/catkin_ws/devel/share/common-lisp/ros/rll_msgs/msg/_package.lisp
Unlinking: /home/rxth/rakshith/tmp/tmpRll/catkin_ws/devel/share/common-lisp/ros/rll_msgs/msg/JobEnvGoal.lisp
Unlinking: /home/rxth/rakshith/tmp/tmpRll/catkin_ws/devel/share/common-lisp/ros/rll_msgs/msg/_package_JobEnvActionResult.lisp
Unlinking: /home/rxth/rakshith/tmp/tmpRll/catkin_ws/devel/share/common-lisp/ros/rll_msgs/msg/_package_JobEnvGoal.lisp
Unlinking: /home/rxth/rakshith/tmp/tmpRll/catkin_ws/devel/share/common-lisp/ros/rll_msgs/msg/JobEnvResult.lisp
Unlinking: /home/rxth/rakshith/tmp/tmpRll/catkin_ws/devel/share/common-lisp/ros/rll_msgs/msg/JobEnvAction.lisp
Unlinking: /home/rxth/rakshith/tmp/tmpRll/catkin_ws/devel/share/common-lisp/ros/rll_msgs/srv/_package_MovePTPArmangle.lisp
Unlinking: /home/rxth/rakshith/tmp/tmpRll/catkin_ws/devel/share/common-lisp/ros/rll_msgs/srv/_package_PickPlace.lisp
Unlinking: /home/rxth/rakshith/tmp/tmpRll/catkin_ws/devel/share/common-lisp/ros/rll_msgs/srv/PickPlace.lisp
Unlinking: /home/rxth/rakshith/tmp/tmpRll/catkin_ws/devel/share/common-lisp/ros/rll_msgs/srv/MoveRandom.lisp
Unlinking: /home/rxth/rakshith/tmp/tmpRll/catkin_ws/devel/share/common-lisp/ros/rll_msgs/srv/_package_MovePTP.lisp
Unlinking: /home/rxth/rakshith/tmp/tmpRll/catkin_ws/devel/share/common-lisp/ros/rll_msgs/srv/MoveLinArmangle.lisp
Unlinking: /home/rxth/rakshith/tmp/tmpRll/catkin_ws/devel/share/common-lisp/ros/rll_msgs/srv/_package_MoveLinArmangle.lisp
Unlinking: /home/rxth/rakshith/tmp/tmpRll/catkin_ws/devel/share/common-lisp/ros/rll_msgs/srv/MoveLin.lisp
Unlinking: /home/rxth/rakshith/tmp/tmpRll/catkin_ws/devel/share/common-lisp/ros/rll_msgs/srv/MovePTP.lisp
Unlinking: /home/rxth/rakshith/tmp/tmpRll/catkin_ws/devel/share/common-lisp/ros/rll_msgs/srv/_package_MoveRandom.lisp
Unlinking: /home/rxth/rakshith/tmp/tmpRll/catkin_ws/devel/share/common-lisp/ros/rll_msgs/srv/_package_GetJointValues.lisp
Unlinking: /home/rxth/rakshith/tmp/tmpRll/catkin_ws/devel/share/common-lisp/ros/rll_msgs/srv/_package_GetPose.lisp
Unlinking: /home/rxth/rakshith/tmp/tmpRll/catkin_ws/devel/share/common-lisp/ros/rll_msgs/srv/_package_MoveJoints.lisp
Unlinking: /home/rxth/rakshith/tmp/tmpRll/catkin_ws/devel/share/common-lisp/ros/rll_msgs/srv/_package_MoveLin.lisp
Unlinking: /home/rxth/rakshith/tmp/tmpRll/catkin_ws/devel/share/common-lisp/ros/rll_msgs/srv/MoveJoints.lisp
Unlinking: /home/rxth/rakshith/tmp/tmpRll/catkin_ws/devel/share/common-lisp/ros/rll_msgs/srv/_package.lisp
Unlinking: /home/rxth/rakshith/tmp/tmpRll/catkin_ws/devel/share/common-lisp/ros/rll_msgs/srv/GetPose.lisp
Unlinking: /home/rxth/rakshith/tmp/tmpRll/catkin_ws/devel/share/common-lisp/ros/rll_msgs/srv/rll_msgs-srv.asd
Unlinking: /home/rxth/rakshith/tmp/tmpRll/catkin_ws/devel/share/common-lisp/ros/rll_msgs/srv/MovePTPArmangle.lisp
Unlinking: /home/rxth/rakshith/tmp/tmpRll/catkin_ws/devel/share/common-lisp/ros/rll_msgs/srv/GetJointValues.lisp
