[35m[1mScanning dependencies of target geometry_msgs_generate_messages_cpp[0m
[  0%] Built target geometry_msgs_generate_messages_cpp
[35m[1mScanning dependencies of target _rll_msgs_generate_messages_check_deps_MoveLin[0m
[  0%] Built target _rll_msgs_generate_messages_check_deps_MoveLin
[35m[1mScanning dependencies of target _rll_msgs_generate_messages_check_deps_JobEnvActionFeedback[0m
[  0%] Built target _rll_msgs_generate_messages_check_deps_JobEnvActionFeedback
[35m[1mScanning dependencies of target _rll_msgs_generate_messages_check_deps_MoveRandom[0m
[  0%] Built target _rll_msgs_generate_messages_check_deps_MoveRandom
[35m[1mScanning dependencies of target _rll_msgs_generate_messages_check_deps_JobExtraField[0m
[  0%] Built target _rll_msgs_generate_messages_check_deps_JobExtraField
[35m[1mScanning dependencies of target _rll_msgs_generate_messages_check_deps_JobEnvResult[0m
[  0%] Built target _rll_msgs_generate_messages_check_deps_JobEnvResult
[35m[1mScanning dependencies of target _rll_msgs_generate_messages_check_deps_JobEnvActionResult[0m
[  0%] Built target _rll_msgs_generate_messages_check_deps_JobEnvActionResult
[35m[1mScanning dependencies of target _rll_msgs_generate_messages_check_deps_MovePTP[0m
[  0%] Built target _rll_msgs_generate_messages_check_deps_MovePTP
[35m[1mScanning dependencies of target _rll_msgs_generate_messages_check_deps_MoveLinArmangle[0m
[  0%] Built target _rll_msgs_generate_messages_check_deps_MoveLinArmangle
[35m[1mScanning dependencies of target _rll_msgs_generate_messages_check_deps_PickPlace[0m
[35m[1mScanning dependencies of target _rll_msgs_generate_messages_check_deps_JobStatus[0m
[  0%] Built target _rll_msgs_generate_messages_check_deps_PickPlace
[35m[1mScanning dependencies of target _rll_msgs_generate_messages_check_deps_GetPose[0m
[  0%] Built target _rll_msgs_generate_messages_check_deps_JobStatus
[35m[1mScanning dependencies of target _rll_msgs_generate_messages_check_deps_GetJointValues[0m
[  0%] Built target _rll_msgs_generate_messages_check_deps_GetPose
[35m[1mScanning dependencies of target _rll_msgs_generate_messages_check_deps_JobEnvFeedback[0m
[  0%] Built target _rll_msgs_generate_messages_check_deps_GetJointValues
[35m[1mScanning dependencies of target _rll_msgs_generate_messages_check_deps_JobEnvAction[0m
[  0%] Built target _rll_msgs_generate_messages_check_deps_JobEnvFeedback
[35m[1mScanning dependencies of target actionlib_msgs_generate_messages_cpp[0m
[  0%] Built target _rll_msgs_generate_messages_check_deps_JobEnvAction
[  0%] Built target actionlib_msgs_generate_messages_cpp
[35m[1mScanning dependencies of target _rll_msgs_generate_messages_check_deps_JobEnvActionGoal[0m
[35m[1mScanning dependencies of target _rll_msgs_generate_messages_check_deps_JobEnvGoal[0m
[  0%] Built target _rll_msgs_generate_messages_check_deps_JobEnvGoal
[35m[1mScanning dependencies of target _rll_msgs_generate_messages_check_deps_MovePTPArmangle[0m
[  0%] Built target _rll_msgs_generate_messages_check_deps_JobEnvActionGoal
[35m[1mScanning dependencies of target std_msgs_generate_messages_cpp[0m
[35m[1mScanning dependencies of target _rll_msgs_generate_messages_check_deps_MoveJoints[0m
[  0%] Built target std_msgs_generate_messages_cpp
[35m[1mScanning dependencies of target geometry_msgs_generate_messages_py[0m
[  0%] Built target _rll_msgs_generate_messages_check_deps_MovePTPArmangle
[  0%] Built target geometry_msgs_generate_messages_py
[35m[1mScanning dependencies of target actionlib_msgs_generate_messages_py[0m
[  0%] Built target _rll_msgs_generate_messages_check_deps_MoveJoints
[35m[1mScanning dependencies of target std_msgs_generate_messages_py[0m
[35m[1mScanning dependencies of target geometry_msgs_generate_messages_nodejs[0m
[  0%] Built target actionlib_msgs_generate_messages_py
[35m[1mScanning dependencies of target actionlib_msgs_generate_messages_nodejs[0m
[  0%] Built target std_msgs_generate_messages_py
[  0%] Built target geometry_msgs_generate_messages_nodejs
[35m[1mScanning dependencies of target std_msgs_generate_messages_nodejs[0m
[  0%] Built target actionlib_msgs_generate_messages_nodejs
[35m[1mScanning dependencies of target geometry_msgs_generate_messages_eus[0m
[35m[1mScanning dependencies of target actionlib_msgs_generate_messages_eus[0m
[  0%] Built target std_msgs_generate_messages_nodejs
[35m[1mScanning dependencies of target std_msgs_generate_messages_eus[0m
[  0%] Built target geometry_msgs_generate_messages_eus
[35m[1mScanning dependencies of target geometry_msgs_generate_messages_lisp[0m
[  0%] Built target actionlib_msgs_generate_messages_eus
[  0%] Built target std_msgs_generate_messages_eus
[35m[1mScanning dependencies of target actionlib_msgs_generate_messages_lisp[0m
[  0%] Built target geometry_msgs_generate_messages_lisp
[35m[1mScanning dependencies of target rll_msgs_generate_messages_cpp[0m
[35m[1mScanning dependencies of target std_msgs_generate_messages_lisp[0m
[  0%] Built target actionlib_msgs_generate_messages_lisp
[35m[1mScanning dependencies of target rll_msgs_generate_messages_py[0m
[  1%] [34m[1mGenerating C++ code from rll_msgs/JobStatus.msg[0m
[  1%] Built target std_msgs_generate_messages_lisp
[35m[1mScanning dependencies of target rll_msgs_generate_messages_nodejs[0m
[  2%] [34m[1mGenerating Python from MSG rll_msgs/JobStatus[0m
[  3%] [34m[1mGenerating Python from MSG rll_msgs/JobEnvGoal[0m
[  4%] [34m[1mGenerating Javascript code from rll_msgs/JobStatus.msg[0m
[  5%] [34m[1mGenerating Javascript code from rll_msgs/JobEnvGoal.msg[0m
[  6%] [34m[1mGenerating Javascript code from rll_msgs/JobEnvActionGoal.msg[0m
[  7%] [34m[1mGenerating C++ code from rll_msgs/JobEnvGoal.msg[0m
[  8%] [34m[1mGenerating Python from MSG rll_msgs/JobEnvActionGoal[0m
[ 10%] [34m[1mGenerating C++ code from rll_msgs/JobEnvActionGoal.msg[0m
[ 11%] [34m[1mGenerating Python from MSG rll_msgs/JobEnvActionResult[0m
[ 12%] [34m[1mGenerating Javascript code from rll_msgs/JobEnvActionResult.msg[0m
[ 13%] [34m[1mGenerating C++ code from rll_msgs/JobEnvActionResult.msg[0m
[ 14%] [34m[1mGenerating Javascript code from rll_msgs/JobEnvResult.msg[0m
[ 15%] [34m[1mGenerating Javascript code from rll_msgs/JobExtraField.msg[0m
[ 16%] [34m[1mGenerating Python from MSG rll_msgs/JobEnvResult[0m
[ 17%] [34m[1mGenerating Javascript code from rll_msgs/JobEnvActionFeedback.msg[0m
[ 18%] [34m[1mGenerating Javascript code from rll_msgs/JobEnvFeedback.msg[0m
[ 20%] [34m[1mGenerating Javascript code from rll_msgs/JobEnvAction.msg[0m
[ 21%] [34m[1mGenerating C++ code from rll_msgs/JobEnvResult.msg[0m
[ 22%] [34m[1mGenerating Javascript code from rll_msgs/GetJointValues.srv[0m
[ 23%] [34m[1mGenerating Javascript code from rll_msgs/PickPlace.srv[0m
[ 24%] [34m[1mGenerating C++ code from rll_msgs/JobExtraField.msg[0m
[35m[1mScanning dependencies of target rll_msgs_generate_messages_eus[0m
[35m[1mScanning dependencies of target rll_msgs_generate_messages_lisp[0m
[ 25%] [34m[1mGenerating EusLisp code from rll_msgs/JobStatus.msg[0m
[ 26%] [34m[1mGenerating Javascript code from rll_msgs/MoveLinArmangle.srv[0m
[ 27%] [34m[1mGenerating Lisp code from rll_msgs/JobStatus.msg[0m
[ 28%] [34m[1mGenerating Python from MSG rll_msgs/JobExtraField[0m
[ 30%] [34m[1mGenerating Lisp code from rll_msgs/JobEnvGoal.msg[0m
[ 30%] [34m[1mGenerating Javascript code from rll_msgs/GetPose.srv[0m
[ 31%] [34m[1mGenerating EusLisp code from rll_msgs/JobEnvGoal.msg[0m
[ 32%] [34m[1mGenerating C++ code from rll_msgs/JobEnvFeedback.msg[0m
[ 33%] [34m[1mGenerating Lisp code from rll_msgs/JobEnvActionGoal.msg[0m
[ 34%] [34m[1mGenerating Javascript code from rll_msgs/MovePTP.srv[0m
[ 35%] [34m[1mGenerating Python from MSG rll_msgs/JobEnvFeedback[0m
[ 36%] [34m[1mGenerating C++ code from rll_msgs/JobEnvActionFeedback.msg[0m
[ 37%] [34m[1mGenerating EusLisp code from rll_msgs/JobEnvActionGoal.msg[0m
[ 38%] [34m[1mGenerating Lisp code from rll_msgs/JobEnvActionResult.msg[0m
[ 40%] [34m[1mGenerating Javascript code from rll_msgs/MoveJoints.srv[0m
[ 40%] [34m[1mGenerating Lisp code from rll_msgs/JobEnvResult.msg[0m
[ 41%] [34m[1mGenerating Javascript code from rll_msgs/MoveRandom.srv[0m
[ 42%] [34m[1mGenerating EusLisp code from rll_msgs/JobEnvActionResult.msg[0m
[ 43%] [34m[1mGenerating Python from MSG rll_msgs/JobEnvActionFeedback[0m
[ 44%] [34m[1mGenerating Lisp code from rll_msgs/JobExtraField.msg[0m
[ 45%] [34m[1mGenerating Javascript code from rll_msgs/MoveLin.srv[0m
[ 46%] [34m[1mGenerating Javascript code from rll_msgs/MovePTPArmangle.srv[0m
[ 47%] [34m[1mGenerating C++ code from rll_msgs/JobEnvAction.msg[0m
[ 48%] [34m[1mGenerating Lisp code from rll_msgs/JobEnvFeedback.msg[0m
[ 50%] [34m[1mGenerating EusLisp code from rll_msgs/JobEnvResult.msg[0m
[ 51%] [34m[1mGenerating C++ code from rll_msgs/GetJointValues.srv[0m
[ 51%] Built target rll_msgs_generate_messages_nodejs
[ 52%] [34m[1mGenerating C++ code from rll_msgs/PickPlace.srv[0m
[ 53%] [34m[1mGenerating Lisp code from rll_msgs/JobEnvActionFeedback.msg[0m
[ 54%] [34m[1mGenerating Python from MSG rll_msgs/JobEnvAction[0m
[ 55%] [34m[1mGenerating EusLisp code from rll_msgs/JobExtraField.msg[0m
[ 56%] [34m[1mGenerating Lisp code from rll_msgs/JobEnvAction.msg[0m
[ 57%] [34m[1mGenerating Lisp code from rll_msgs/GetJointValues.srv[0m
[ 58%] [34m[1mGenerating C++ code from rll_msgs/MoveLinArmangle.srv[0m
[ 60%] [34m[1mGenerating Python code from SRV rll_msgs/GetJointValues[0m
[ 61%] [34m[1mGenerating EusLisp code from rll_msgs/JobEnvFeedback.msg[0m
[ 62%] [34m[1mGenerating Lisp code from rll_msgs/PickPlace.srv[0m
[ 63%] [34m[1mGenerating Lisp code from rll_msgs/MoveLinArmangle.srv[0m
[ 64%] [34m[1mGenerating EusLisp code from rll_msgs/JobEnvActionFeedback.msg[0m
[ 65%] [34m[1mGenerating Python code from SRV rll_msgs/PickPlace[0m
[ 66%] [34m[1mGenerating Lisp code from rll_msgs/GetPose.srv[0m
[ 67%] [34m[1mGenerating EusLisp code from rll_msgs/JobEnvAction.msg[0m
[ 68%] [34m[1mGenerating C++ code from rll_msgs/GetPose.srv[0m
[ 70%] [34m[1mGenerating C++ code from rll_msgs/MovePTP.srv[0m
[ 71%] [34m[1mGenerating Lisp code from rll_msgs/MovePTP.srv[0m
[ 72%] [34m[1mGenerating EusLisp code from rll_msgs/GetJointValues.srv[0m
[ 73%] [34m[1mGenerating Lisp code from rll_msgs/MoveJoints.srv[0m
[ 74%] [34m[1mGenerating Python code from SRV rll_msgs/MoveLinArmangle[0m
[ 75%] [34m[1mGenerating Lisp code from rll_msgs/MoveRandom.srv[0m
[ 76%] [34m[1mGenerating EusLisp code from rll_msgs/PickPlace.srv[0m
[ 77%] [34m[1mGenerating Lisp code from rll_msgs/MoveLin.srv[0m
[ 78%] [34m[1mGenerating C++ code from rll_msgs/MoveJoints.srv[0m
[ 81%] [34m[1mGenerating EusLisp code from rll_msgs/MoveLinArmangle.srv[0m
[ 81%] [34m[1mGenerating Lisp code from rll_msgs/MovePTPArmangle.srv[0m
[ 82%] [34m[1mGenerating Python code from SRV rll_msgs/GetPose[0m
[ 82%] Built target rll_msgs_generate_messages_lisp
[ 83%] [34m[1mGenerating Python code from SRV rll_msgs/MovePTP[0m
[ 84%] [34m[1mGenerating EusLisp code from rll_msgs/GetPose.srv[0m
[ 84%] [34m[1mGenerating C++ code from rll_msgs/MoveRandom.srv[0m
[ 85%] [34m[1mGenerating C++ code from rll_msgs/MoveLin.srv[0m
[ 86%] [34m[1mGenerating Python code from SRV rll_msgs/MoveJoints[0m
[ 87%] [34m[1mGenerating EusLisp code from rll_msgs/MovePTP.srv[0m
[ 88%] [34m[1mGenerating Python code from SRV rll_msgs/MoveRandom[0m
[ 90%] [34m[1mGenerating EusLisp code from rll_msgs/MoveJoints.srv[0m
[ 91%] [34m[1mGenerating Python code from SRV rll_msgs/MoveLin[0m
[ 92%] [34m[1mGenerating C++ code from rll_msgs/MovePTPArmangle.srv[0m
[ 93%] [34m[1mGenerating EusLisp code from rll_msgs/MoveRandom.srv[0m
[ 94%] [34m[1mGenerating Python code from SRV rll_msgs/MovePTPArmangle[0m
[ 95%] [34m[1mGenerating EusLisp code from rll_msgs/MoveLin.srv[0m
[ 96%] [34m[1mGenerating EusLisp code from rll_msgs/MovePTPArmangle.srv[0m
[ 97%] [34m[1mGenerating EusLisp manifest code for rll_msgs[0m
[100%] [34m[1mGenerating Python msg __init__.py for rll_msgs[0m
[100%] [34m[1mGenerating Python srv __init__.py for rll_msgs[0m
[100%] Built target rll_msgs_generate_messages_cpp
[100%] Built target rll_msgs_generate_messages_py
[100%] Built target rll_msgs_generate_messages_eus
[35m[1mScanning dependencies of target rll_msgs_generate_messages[0m
[100%] Built target rll_msgs_generate_messages
