Determining if the pthread_create exist failed with the following output:
Change Dir: /home/rxth/rakshith/data/work/asu/summer2020/kuka-path-planning-maze/catkin_ws/build/rll_tools/CMakeFiles/CMakeTmp

Run Build Command:"/usr/bin/make" "cmTC_ce4ef/fast"
/usr/bin/make -f CMakeFiles/cmTC_ce4ef.dir/build.make CMakeFiles/cmTC_ce4ef.dir/build
make[1]: Entering directory '/home/rxth/rakshith/data/work/asu/summer2020/kuka-path-planning-maze/catkin_ws/build/rll_tools/CMakeFiles/CMakeTmp'
Building C object CMakeFiles/cmTC_ce4ef.dir/CheckSymbolExists.c.o
/usr/bin/cc    -o CMakeFiles/cmTC_ce4ef.dir/CheckSymbolExists.c.o   -c /home/rxth/rakshith/data/work/asu/summer2020/kuka-path-planning-maze/catkin_ws/build/rll_tools/CMakeFiles/CMakeTmp/CheckSymbolExists.c
Linking C executable cmTC_ce4ef
/usr/bin/cmake -E cmake_link_script CMakeFiles/cmTC_ce4ef.dir/link.txt --verbose=1
/usr/bin/cc      -rdynamic CMakeFiles/cmTC_ce4ef.dir/CheckSymbolExists.c.o  -o cmTC_ce4ef 
CMakeFiles/cmTC_ce4ef.dir/CheckSymbolExists.c.o: In function `main':
CheckSymbolExists.c:(.text+0x1b): undefined reference to `pthread_create'
collect2: error: ld returned 1 exit status
CMakeFiles/cmTC_ce4ef.dir/build.make:97: recipe for target 'cmTC_ce4ef' failed
make[1]: *** [cmTC_ce4ef] Error 1
make[1]: Leaving directory '/home/rxth/rakshith/data/work/asu/summer2020/kuka-path-planning-maze/catkin_ws/build/rll_tools/CMakeFiles/CMakeTmp'
Makefile:126: recipe for target 'cmTC_ce4ef/fast' failed
make: *** [cmTC_ce4ef/fast] Error 2

File /home/rxth/rakshith/data/work/asu/summer2020/kuka-path-planning-maze/catkin_ws/build/rll_tools/CMakeFiles/CMakeTmp/CheckSymbolExists.c:
/* */
#include <pthread.h>

int main(int argc, char** argv)
{
  (void)argv;
#ifndef pthread_create
  return ((int*)(&pthread_create))[argc];
#else
  (void)argc;
  return 0;
#endif
}

Determining if the function pthread_create exists in the pthreads failed with the following output:
Change Dir: /home/rxth/rakshith/data/work/asu/summer2020/kuka-path-planning-maze/catkin_ws/build/rll_tools/CMakeFiles/CMakeTmp

Run Build Command:"/usr/bin/make" "cmTC_d14dd/fast"
/usr/bin/make -f CMakeFiles/cmTC_d14dd.dir/build.make CMakeFiles/cmTC_d14dd.dir/build
make[1]: Entering directory '/home/rxth/rakshith/data/work/asu/summer2020/kuka-path-planning-maze/catkin_ws/build/rll_tools/CMakeFiles/CMakeTmp'
Building C object CMakeFiles/cmTC_d14dd.dir/CheckFunctionExists.c.o
/usr/bin/cc   -DCHECK_FUNCTION_EXISTS=pthread_create   -o CMakeFiles/cmTC_d14dd.dir/CheckFunctionExists.c.o   -c /usr/share/cmake-3.10/Modules/CheckFunctionExists.c
Linking C executable cmTC_d14dd
/usr/bin/cmake -E cmake_link_script CMakeFiles/cmTC_d14dd.dir/link.txt --verbose=1
/usr/bin/cc  -DCHECK_FUNCTION_EXISTS=pthread_create    -rdynamic CMakeFiles/cmTC_d14dd.dir/CheckFunctionExists.c.o  -o cmTC_d14dd -lpthreads 
/usr/bin/ld: cannot find -lpthreads
collect2: error: ld returned 1 exit status
CMakeFiles/cmTC_d14dd.dir/build.make:97: recipe for target 'cmTC_d14dd' failed
make[1]: *** [cmTC_d14dd] Error 1
make[1]: Leaving directory '/home/rxth/rakshith/data/work/asu/summer2020/kuka-path-planning-maze/catkin_ws/build/rll_tools/CMakeFiles/CMakeTmp'
Makefile:126: recipe for target 'cmTC_d14dd/fast' failed
make: *** [cmTC_d14dd/fast] Error 2


