[35m[1mScanning dependencies of target _rll_planning_project_generate_messages_check_deps_CheckPath[0m
[35m[1mScanning dependencies of target geometry_msgs_generate_messages_eus[0m
[35m[1mScanning dependencies of target std_msgs_generate_messages_cpp[0m
[35m[1mScanning dependencies of target _rll_planning_project_generate_messages_check_deps_GetStartGoal[0m
[35m[1mScanning dependencies of target std_msgs_generate_messages_eus[0m
[35m[1mScanning dependencies of target geometry_msgs_generate_messages_py[0m
[35m[1mScanning dependencies of target geometry_msgs_generate_messages_cpp[0m
[35m[1mScanning dependencies of target _rll_planning_project_generate_messages_check_deps_Move[0m
[  0%] Built target geometry_msgs_generate_messages_eus
[  0%] Built target std_msgs_generate_messages_eus
[  0%] Built target std_msgs_generate_messages_cpp
[  0%] Built target geometry_msgs_generate_messages_cpp
[  0%] Built target geometry_msgs_generate_messages_py
[35m[1mScanning dependencies of target std_msgs_generate_messages_py[0m
[35m[1mScanning dependencies of target geometry_msgs_generate_messages_nodejs[0m
[35m[1mScanning dependencies of target std_msgs_generate_messages_nodejs[0m
[35m[1mScanning dependencies of target geometry_msgs_generate_messages_lisp[0m
[35m[1mScanning dependencies of target std_msgs_generate_messages_lisp[0m
[  0%] Built target std_msgs_generate_messages_py
[  0%] Built target geometry_msgs_generate_messages_nodejs
[  0%] Built target geometry_msgs_generate_messages_lisp
[  0%] Built target std_msgs_generate_messages_nodejs
[  0%] Built target _rll_planning_project_generate_messages_check_deps_CheckPath
[  0%] Built target _rll_planning_project_generate_messages_check_deps_GetStartGoal
[  0%] Built target std_msgs_generate_messages_lisp
[  0%] Built target _rll_planning_project_generate_messages_check_deps_Move
[35m[1mScanning dependencies of target rll_planning_project_generate_messages_cpp[0m
[35m[1mScanning dependencies of target rll_planning_project_generate_messages_eus[0m
[35m[1mScanning dependencies of target rll_planning_project_generate_messages_nodejs[0m
[35m[1mScanning dependencies of target rll_planning_project_generate_messages_py[0m
[35m[1mScanning dependencies of target rll_planning_project_generate_messages_lisp[0m
[ 10%] [34m[1mGenerating C++ code from rll_planning_project/CheckPath.srv[0m
[ 10%] [34m[1mGenerating C++ code from rll_planning_project/GetStartGoal.srv[0m
[ 25%] [34m[1mGenerating Javascript code from rll_planning_project/Move.srv[0m
[ 25%] [34m[1mGenerating Javascript code from rll_planning_project/GetStartGoal.srv[0m
[ 25%] [34m[1mGenerating EusLisp code from rll_planning_project/GetStartGoal.srv[0m
[ 30%] [34m[1mGenerating Javascript code from rll_planning_project/CheckPath.srv[0m
[ 35%] [34m[1mGenerating Python code from SRV rll_planning_project/GetStartGoal[0m
[ 40%] [34m[1mGenerating Lisp code from rll_planning_project/GetStartGoal.srv[0m
[ 45%] [34m[1mGenerating Lisp code from rll_planning_project/CheckPath.srv[0m
[ 50%] [34m[1mGenerating C++ code from rll_planning_project/Move.srv[0m
[ 55%] [34m[1mGenerating EusLisp code from rll_planning_project/CheckPath.srv[0m
[ 55%] Built target rll_planning_project_generate_messages_nodejs
[ 60%] [34m[1mGenerating EusLisp code from rll_planning_project/Move.srv[0m
[ 65%] [34m[1mGenerating EusLisp manifest code for rll_planning_project[0m
[ 70%] [34m[1mGenerating Lisp code from rll_planning_project/Move.srv[0m
[ 75%] [34m[1mGenerating Python code from SRV rll_planning_project/CheckPath[0m
[ 75%] Built target rll_planning_project_generate_messages_lisp
[ 80%] [34m[1mGenerating Python code from SRV rll_planning_project/Move[0m
[ 85%] [34m[1mGenerating Python srv __init__.py for rll_planning_project[0m
[ 85%] Built target rll_planning_project_generate_messages_cpp
[35m[1mScanning dependencies of target planning_iface[0m
[ 85%] Built target rll_planning_project_generate_messages_py
[ 90%] [32mBuilding CXX object CMakeFiles/planning_iface.dir/src/planning_iface.cpp.o[0m
[ 95%] [32mBuilding CXX object CMakeFiles/planning_iface.dir/src/planning_iface_node.cpp.o[0m
[ 95%] Built target rll_planning_project_generate_messages_eus
[35m[1mScanning dependencies of target rll_planning_project_generate_messages[0m
[ 95%] Built target rll_planning_project_generate_messages
[100%] [32m[1mLinking CXX executable /home/rxth/rakshith/data/work/asu/summer2020/kuka-path-planning-maze/catkin_ws/devel/.private/rll_planning_project/lib/rll_planning_project/planning_iface[0m
[100%] Built target planning_iface
