Symlinking /home/rxth/rakshith/data/work/asu/summer2020/kuka-path-planning-maze/catkin_ws/devel/include/rll_planning_project/GetStartGoalResponse.h
Symlinking /home/rxth/rakshith/data/work/asu/summer2020/kuka-path-planning-maze/catkin_ws/devel/include/rll_planning_project/MoveResponse.h
Symlinking /home/rxth/rakshith/data/work/asu/summer2020/kuka-path-planning-maze/catkin_ws/devel/include/rll_planning_project/MoveRequest.h
Symlinking /home/rxth/rakshith/data/work/asu/summer2020/kuka-path-planning-maze/catkin_ws/devel/include/rll_planning_project/GetStartGoalRequest.h
Symlinking /home/rxth/rakshith/data/work/asu/summer2020/kuka-path-planning-maze/catkin_ws/devel/include/rll_planning_project/CheckPath.h
Symlinking /home/rxth/rakshith/data/work/asu/summer2020/kuka-path-planning-maze/catkin_ws/devel/include/rll_planning_project/CheckPathRequest.h
Symlinking /home/rxth/rakshith/data/work/asu/summer2020/kuka-path-planning-maze/catkin_ws/devel/include/rll_planning_project/Move.h
Symlinking /home/rxth/rakshith/data/work/asu/summer2020/kuka-path-planning-maze/catkin_ws/devel/include/rll_planning_project/GetStartGoal.h
Symlinking /home/rxth/rakshith/data/work/asu/summer2020/kuka-path-planning-maze/catkin_ws/devel/include/rll_planning_project/CheckPathResponse.h
Symlinking /home/rxth/rakshith/data/work/asu/summer2020/kuka-path-planning-maze/catkin_ws/devel/lib/pkgconfig/rll_planning_project.pc
Symlinking /home/rxth/rakshith/data/work/asu/summer2020/kuka-path-planning-maze/catkin_ws/devel/lib/python2.7/dist-packages/rll_planning_project/__init__.py
Symlinking /home/rxth/rakshith/data/work/asu/summer2020/kuka-path-planning-maze/catkin_ws/devel/lib/python2.7/dist-packages/rll_planning_project/srv/_GetStartGoal.py
Symlinking /home/rxth/rakshith/data/work/asu/summer2020/kuka-path-planning-maze/catkin_ws/devel/lib/python2.7/dist-packages/rll_planning_project/srv/__init__.py
Symlinking /home/rxth/rakshith/data/work/asu/summer2020/kuka-path-planning-maze/catkin_ws/devel/lib/python2.7/dist-packages/rll_planning_project/srv/_CheckPath.py
Symlinking /home/rxth/rakshith/data/work/asu/summer2020/kuka-path-planning-maze/catkin_ws/devel/lib/python2.7/dist-packages/rll_planning_project/srv/_Move.py
Symlinking /home/rxth/rakshith/data/work/asu/summer2020/kuka-path-planning-maze/catkin_ws/devel/lib/rll_planning_project/planning_iface
Symlinking /home/rxth/rakshith/data/work/asu/summer2020/kuka-path-planning-maze/catkin_ws/devel/share/gennodejs/ros/rll_planning_project/_index.js
Symlinking /home/rxth/rakshith/data/work/asu/summer2020/kuka-path-planning-maze/catkin_ws/devel/share/gennodejs/ros/rll_planning_project/srv/_index.js
Symlinking /home/rxth/rakshith/data/work/asu/summer2020/kuka-path-planning-maze/catkin_ws/devel/share/gennodejs/ros/rll_planning_project/srv/Move.js
Symlinking /home/rxth/rakshith/data/work/asu/summer2020/kuka-path-planning-maze/catkin_ws/devel/share/gennodejs/ros/rll_planning_project/srv/CheckPath.js
Symlinking /home/rxth/rakshith/data/work/asu/summer2020/kuka-path-planning-maze/catkin_ws/devel/share/gennodejs/ros/rll_planning_project/srv/GetStartGoal.js
Symlinking /home/rxth/rakshith/data/work/asu/summer2020/kuka-path-planning-maze/catkin_ws/devel/share/roseus/ros/rll_planning_project/manifest.l
Symlinking /home/rxth/rakshith/data/work/asu/summer2020/kuka-path-planning-maze/catkin_ws/devel/share/roseus/ros/rll_planning_project/srv/Move.l
Symlinking /home/rxth/rakshith/data/work/asu/summer2020/kuka-path-planning-maze/catkin_ws/devel/share/roseus/ros/rll_planning_project/srv/GetStartGoal.l
Symlinking /home/rxth/rakshith/data/work/asu/summer2020/kuka-path-planning-maze/catkin_ws/devel/share/roseus/ros/rll_planning_project/srv/CheckPath.l
Symlinking /home/rxth/rakshith/data/work/asu/summer2020/kuka-path-planning-maze/catkin_ws/devel/share/common-lisp/ros/rll_planning_project/srv/_package_CheckPath.lisp
Symlinking /home/rxth/rakshith/data/work/asu/summer2020/kuka-path-planning-maze/catkin_ws/devel/share/common-lisp/ros/rll_planning_project/srv/CheckPath.lisp
Symlinking /home/rxth/rakshith/data/work/asu/summer2020/kuka-path-planning-maze/catkin_ws/devel/share/common-lisp/ros/rll_planning_project/srv/rll_planning_project-srv.asd
Symlinking /home/rxth/rakshith/data/work/asu/summer2020/kuka-path-planning-maze/catkin_ws/devel/share/common-lisp/ros/rll_planning_project/srv/_package_GetStartGoal.lisp
Symlinking /home/rxth/rakshith/data/work/asu/summer2020/kuka-path-planning-maze/catkin_ws/devel/share/common-lisp/ros/rll_planning_project/srv/GetStartGoal.lisp
Symlinking /home/rxth/rakshith/data/work/asu/summer2020/kuka-path-planning-maze/catkin_ws/devel/share/common-lisp/ros/rll_planning_project/srv/_package.lisp
Symlinking /home/rxth/rakshith/data/work/asu/summer2020/kuka-path-planning-maze/catkin_ws/devel/share/common-lisp/ros/rll_planning_project/srv/_package_Move.lisp
Symlinking /home/rxth/rakshith/data/work/asu/summer2020/kuka-path-planning-maze/catkin_ws/devel/share/common-lisp/ros/rll_planning_project/srv/Move.lisp
Symlinking /home/rxth/rakshith/data/work/asu/summer2020/kuka-path-planning-maze/catkin_ws/devel/share/rll_planning_project/cmake/rll_planning_project-msg-paths.cmake
Symlinking /home/rxth/rakshith/data/work/asu/summer2020/kuka-path-planning-maze/catkin_ws/devel/share/rll_planning_project/cmake/rll_planning_project-msg-extras.cmake
Symlinking /home/rxth/rakshith/data/work/asu/summer2020/kuka-path-planning-maze/catkin_ws/devel/share/rll_planning_project/cmake/rll_planning_projectConfig-version.cmake
Symlinking /home/rxth/rakshith/data/work/asu/summer2020/kuka-path-planning-maze/catkin_ws/devel/share/rll_planning_project/cmake/rll_planning_projectConfig.cmake
Cleaning: (/home/rxth/rakshith/tmp/tmpRll/catkin_ws/devel/.private/rll_planning_project/cmake.lock, /home/rxth/rakshith/tmp/tmpRll/catkin_ws/devel/./cmake.lock)
Cleaning: (/home/rxth/rakshith/tmp/tmpRll/catkin_ws/devel/.private/rll_planning_project/include/rll_planning_project/GetStartGoalResponse.h, /home/rxth/rakshith/tmp/tmpRll/catkin_ws/devel/include/rll_planning_project/GetStartGoalResponse.h)
Cleaning: (/home/rxth/rakshith/tmp/tmpRll/catkin_ws/devel/.private/rll_planning_project/include/rll_planning_project/MoveResponse.h, /home/rxth/rakshith/tmp/tmpRll/catkin_ws/devel/include/rll_planning_project/MoveResponse.h)
Cleaning: (/home/rxth/rakshith/tmp/tmpRll/catkin_ws/devel/.private/rll_planning_project/include/rll_planning_project/MoveRequest.h, /home/rxth/rakshith/tmp/tmpRll/catkin_ws/devel/include/rll_planning_project/MoveRequest.h)
Cleaning: (/home/rxth/rakshith/tmp/tmpRll/catkin_ws/devel/.private/rll_planning_project/include/rll_planning_project/GetStartGoalRequest.h, /home/rxth/rakshith/tmp/tmpRll/catkin_ws/devel/include/rll_planning_project/GetStartGoalRequest.h)
Cleaning: (/home/rxth/rakshith/tmp/tmpRll/catkin_ws/devel/.private/rll_planning_project/include/rll_planning_project/CheckPath.h, /home/rxth/rakshith/tmp/tmpRll/catkin_ws/devel/include/rll_planning_project/CheckPath.h)
Cleaning: (/home/rxth/rakshith/tmp/tmpRll/catkin_ws/devel/.private/rll_planning_project/include/rll_planning_project/CheckPathRequest.h, /home/rxth/rakshith/tmp/tmpRll/catkin_ws/devel/include/rll_planning_project/CheckPathRequest.h)
Cleaning: (/home/rxth/rakshith/tmp/tmpRll/catkin_ws/devel/.private/rll_planning_project/include/rll_planning_project/Move.h, /home/rxth/rakshith/tmp/tmpRll/catkin_ws/devel/include/rll_planning_project/Move.h)
Cleaning: (/home/rxth/rakshith/tmp/tmpRll/catkin_ws/devel/.private/rll_planning_project/include/rll_planning_project/GetStartGoal.h, /home/rxth/rakshith/tmp/tmpRll/catkin_ws/devel/include/rll_planning_project/GetStartGoal.h)
Cleaning: (/home/rxth/rakshith/tmp/tmpRll/catkin_ws/devel/.private/rll_planning_project/include/rll_planning_project/CheckPathResponse.h, /home/rxth/rakshith/tmp/tmpRll/catkin_ws/devel/include/rll_planning_project/CheckPathResponse.h)
Cleaning: (/home/rxth/rakshith/tmp/tmpRll/catkin_ws/devel/.private/rll_planning_project/lib/pkgconfig/rll_planning_project.pc, /home/rxth/rakshith/tmp/tmpRll/catkin_ws/devel/lib/pkgconfig/rll_planning_project.pc)
Cleaning: (/home/rxth/rakshith/tmp/tmpRll/catkin_ws/devel/.private/rll_planning_project/lib/python2.7/dist-packages/rll_planning_project/__init__.py, /home/rxth/rakshith/tmp/tmpRll/catkin_ws/devel/lib/python2.7/dist-packages/rll_planning_project/__init__.py)
Cleaning: (/home/rxth/rakshith/tmp/tmpRll/catkin_ws/devel/.private/rll_planning_project/lib/python2.7/dist-packages/rll_planning_project/srv/_GetStartGoal.py, /home/rxth/rakshith/tmp/tmpRll/catkin_ws/devel/lib/python2.7/dist-packages/rll_planning_project/srv/_GetStartGoal.py)
Cleaning: (/home/rxth/rakshith/tmp/tmpRll/catkin_ws/devel/.private/rll_planning_project/lib/python2.7/dist-packages/rll_planning_project/srv/__init__.py, /home/rxth/rakshith/tmp/tmpRll/catkin_ws/devel/lib/python2.7/dist-packages/rll_planning_project/srv/__init__.py)
Cleaning: (/home/rxth/rakshith/tmp/tmpRll/catkin_ws/devel/.private/rll_planning_project/lib/python2.7/dist-packages/rll_planning_project/srv/_CheckPath.py, /home/rxth/rakshith/tmp/tmpRll/catkin_ws/devel/lib/python2.7/dist-packages/rll_planning_project/srv/_CheckPath.py)
Cleaning: (/home/rxth/rakshith/tmp/tmpRll/catkin_ws/devel/.private/rll_planning_project/lib/python2.7/dist-packages/rll_planning_project/srv/_Move.py, /home/rxth/rakshith/tmp/tmpRll/catkin_ws/devel/lib/python2.7/dist-packages/rll_planning_project/srv/_Move.py)
Cleaning: (/home/rxth/rakshith/tmp/tmpRll/catkin_ws/devel/.private/rll_planning_project/lib/rll_planning_project/planning_iface, /home/rxth/rakshith/tmp/tmpRll/catkin_ws/devel/lib/rll_planning_project/planning_iface)
Cleaning: (/home/rxth/rakshith/tmp/tmpRll/catkin_ws/devel/.private/rll_planning_project/share/gennodejs/ros/rll_planning_project/_index.js, /home/rxth/rakshith/tmp/tmpRll/catkin_ws/devel/share/gennodejs/ros/rll_planning_project/_index.js)
Cleaning: (/home/rxth/rakshith/tmp/tmpRll/catkin_ws/devel/.private/rll_planning_project/share/gennodejs/ros/rll_planning_project/srv/_index.js, /home/rxth/rakshith/tmp/tmpRll/catkin_ws/devel/share/gennodejs/ros/rll_planning_project/srv/_index.js)
Cleaning: (/home/rxth/rakshith/tmp/tmpRll/catkin_ws/devel/.private/rll_planning_project/share/gennodejs/ros/rll_planning_project/srv/Move.js, /home/rxth/rakshith/tmp/tmpRll/catkin_ws/devel/share/gennodejs/ros/rll_planning_project/srv/Move.js)
Cleaning: (/home/rxth/rakshith/tmp/tmpRll/catkin_ws/devel/.private/rll_planning_project/share/gennodejs/ros/rll_planning_project/srv/CheckPath.js, /home/rxth/rakshith/tmp/tmpRll/catkin_ws/devel/share/gennodejs/ros/rll_planning_project/srv/CheckPath.js)
Cleaning: (/home/rxth/rakshith/tmp/tmpRll/catkin_ws/devel/.private/rll_planning_project/share/gennodejs/ros/rll_planning_project/srv/GetStartGoal.js, /home/rxth/rakshith/tmp/tmpRll/catkin_ws/devel/share/gennodejs/ros/rll_planning_project/srv/GetStartGoal.js)
Cleaning: (/home/rxth/rakshith/tmp/tmpRll/catkin_ws/devel/.private/rll_planning_project/share/roseus/ros/rll_planning_project/manifest.l, /home/rxth/rakshith/tmp/tmpRll/catkin_ws/devel/share/roseus/ros/rll_planning_project/manifest.l)
Cleaning: (/home/rxth/rakshith/tmp/tmpRll/catkin_ws/devel/.private/rll_planning_project/share/roseus/ros/rll_planning_project/srv/Move.l, /home/rxth/rakshith/tmp/tmpRll/catkin_ws/devel/share/roseus/ros/rll_planning_project/srv/Move.l)
Cleaning: (/home/rxth/rakshith/tmp/tmpRll/catkin_ws/devel/.private/rll_planning_project/share/roseus/ros/rll_planning_project/srv/GetStartGoal.l, /home/rxth/rakshith/tmp/tmpRll/catkin_ws/devel/share/roseus/ros/rll_planning_project/srv/GetStartGoal.l)
Cleaning: (/home/rxth/rakshith/tmp/tmpRll/catkin_ws/devel/.private/rll_planning_project/share/roseus/ros/rll_planning_project/srv/CheckPath.l, /home/rxth/rakshith/tmp/tmpRll/catkin_ws/devel/share/roseus/ros/rll_planning_project/srv/CheckPath.l)
Cleaning: (/home/rxth/rakshith/tmp/tmpRll/catkin_ws/devel/.private/rll_planning_project/share/common-lisp/ros/rll_planning_project/srv/_package_CheckPath.lisp, /home/rxth/rakshith/tmp/tmpRll/catkin_ws/devel/share/common-lisp/ros/rll_planning_project/srv/_package_CheckPath.lisp)
Cleaning: (/home/rxth/rakshith/tmp/tmpRll/catkin_ws/devel/.private/rll_planning_project/share/common-lisp/ros/rll_planning_project/srv/CheckPath.lisp, /home/rxth/rakshith/tmp/tmpRll/catkin_ws/devel/share/common-lisp/ros/rll_planning_project/srv/CheckPath.lisp)
Cleaning: (/home/rxth/rakshith/tmp/tmpRll/catkin_ws/devel/.private/rll_planning_project/share/common-lisp/ros/rll_planning_project/srv/rll_planning_project-srv.asd, /home/rxth/rakshith/tmp/tmpRll/catkin_ws/devel/share/common-lisp/ros/rll_planning_project/srv/rll_planning_project-srv.asd)
Cleaning: (/home/rxth/rakshith/tmp/tmpRll/catkin_ws/devel/.private/rll_planning_project/share/common-lisp/ros/rll_planning_project/srv/_package_GetStartGoal.lisp, /home/rxth/rakshith/tmp/tmpRll/catkin_ws/devel/share/common-lisp/ros/rll_planning_project/srv/_package_GetStartGoal.lisp)
Cleaning: (/home/rxth/rakshith/tmp/tmpRll/catkin_ws/devel/.private/rll_planning_project/share/common-lisp/ros/rll_planning_project/srv/GetStartGoal.lisp, /home/rxth/rakshith/tmp/tmpRll/catkin_ws/devel/share/common-lisp/ros/rll_planning_project/srv/GetStartGoal.lisp)
Cleaning: (/home/rxth/rakshith/tmp/tmpRll/catkin_ws/devel/.private/rll_planning_project/share/common-lisp/ros/rll_planning_project/srv/_package.lisp, /home/rxth/rakshith/tmp/tmpRll/catkin_ws/devel/share/common-lisp/ros/rll_planning_project/srv/_package.lisp)
Cleaning: (/home/rxth/rakshith/tmp/tmpRll/catkin_ws/devel/.private/rll_planning_project/share/common-lisp/ros/rll_planning_project/srv/_package_Move.lisp, /home/rxth/rakshith/tmp/tmpRll/catkin_ws/devel/share/common-lisp/ros/rll_planning_project/srv/_package_Move.lisp)
Cleaning: (/home/rxth/rakshith/tmp/tmpRll/catkin_ws/devel/.private/rll_planning_project/share/common-lisp/ros/rll_planning_project/srv/Move.lisp, /home/rxth/rakshith/tmp/tmpRll/catkin_ws/devel/share/common-lisp/ros/rll_planning_project/srv/Move.lisp)
Cleaning: (/home/rxth/rakshith/tmp/tmpRll/catkin_ws/devel/.private/rll_planning_project/share/rll_planning_project/cmake/rll_planning_project-msg-paths.cmake, /home/rxth/rakshith/tmp/tmpRll/catkin_ws/devel/share/rll_planning_project/cmake/rll_planning_project-msg-paths.cmake)
Cleaning: (/home/rxth/rakshith/tmp/tmpRll/catkin_ws/devel/.private/rll_planning_project/share/rll_planning_project/cmake/rll_planning_project-msg-extras.cmake, /home/rxth/rakshith/tmp/tmpRll/catkin_ws/devel/share/rll_planning_project/cmake/rll_planning_project-msg-extras.cmake)
Cleaning: (/home/rxth/rakshith/tmp/tmpRll/catkin_ws/devel/.private/rll_planning_project/share/rll_planning_project/cmake/rll_planning_projectConfig-version.cmake, /home/rxth/rakshith/tmp/tmpRll/catkin_ws/devel/share/rll_planning_project/cmake/rll_planning_projectConfig-version.cmake)
Cleaning: (/home/rxth/rakshith/tmp/tmpRll/catkin_ws/devel/.private/rll_planning_project/share/rll_planning_project/cmake/rll_planning_projectConfig.cmake, /home/rxth/rakshith/tmp/tmpRll/catkin_ws/devel/share/rll_planning_project/cmake/rll_planning_projectConfig.cmake)
Unlinking: /home/rxth/rakshith/tmp/tmpRll/catkin_ws/devel/./cmake.lock
Unlinking: /home/rxth/rakshith/tmp/tmpRll/catkin_ws/devel/include/rll_planning_project/GetStartGoalResponse.h
Unlinking: /home/rxth/rakshith/tmp/tmpRll/catkin_ws/devel/include/rll_planning_project/MoveResponse.h
Unlinking: /home/rxth/rakshith/tmp/tmpRll/catkin_ws/devel/include/rll_planning_project/MoveRequest.h
Unlinking: /home/rxth/rakshith/tmp/tmpRll/catkin_ws/devel/include/rll_planning_project/GetStartGoalRequest.h
Unlinking: /home/rxth/rakshith/tmp/tmpRll/catkin_ws/devel/include/rll_planning_project/CheckPath.h
Unlinking: /home/rxth/rakshith/tmp/tmpRll/catkin_ws/devel/include/rll_planning_project/CheckPathRequest.h
Unlinking: /home/rxth/rakshith/tmp/tmpRll/catkin_ws/devel/include/rll_planning_project/Move.h
Unlinking: /home/rxth/rakshith/tmp/tmpRll/catkin_ws/devel/include/rll_planning_project/GetStartGoal.h
Unlinking: /home/rxth/rakshith/tmp/tmpRll/catkin_ws/devel/include/rll_planning_project/CheckPathResponse.h
Unlinking: /home/rxth/rakshith/tmp/tmpRll/catkin_ws/devel/lib/pkgconfig/rll_planning_project.pc
Unlinking: /home/rxth/rakshith/tmp/tmpRll/catkin_ws/devel/lib/python2.7/dist-packages/rll_planning_project/__init__.py
Unlinking: /home/rxth/rakshith/tmp/tmpRll/catkin_ws/devel/lib/python2.7/dist-packages/rll_planning_project/srv/_GetStartGoal.py
Unlinking: /home/rxth/rakshith/tmp/tmpRll/catkin_ws/devel/lib/python2.7/dist-packages/rll_planning_project/srv/__init__.py
Unlinking: /home/rxth/rakshith/tmp/tmpRll/catkin_ws/devel/lib/python2.7/dist-packages/rll_planning_project/srv/_CheckPath.py
Unlinking: /home/rxth/rakshith/tmp/tmpRll/catkin_ws/devel/lib/python2.7/dist-packages/rll_planning_project/srv/_Move.py
Unlinking: /home/rxth/rakshith/tmp/tmpRll/catkin_ws/devel/lib/rll_planning_project/planning_iface
Unlinking: /home/rxth/rakshith/tmp/tmpRll/catkin_ws/devel/share/gennodejs/ros/rll_planning_project/_index.js
Unlinking: /home/rxth/rakshith/tmp/tmpRll/catkin_ws/devel/share/gennodejs/ros/rll_planning_project/srv/_index.js
Unlinking: /home/rxth/rakshith/tmp/tmpRll/catkin_ws/devel/share/gennodejs/ros/rll_planning_project/srv/Move.js
Unlinking: /home/rxth/rakshith/tmp/tmpRll/catkin_ws/devel/share/gennodejs/ros/rll_planning_project/srv/CheckPath.js
Unlinking: /home/rxth/rakshith/tmp/tmpRll/catkin_ws/devel/share/gennodejs/ros/rll_planning_project/srv/GetStartGoal.js
Unlinking: /home/rxth/rakshith/tmp/tmpRll/catkin_ws/devel/share/roseus/ros/rll_planning_project/manifest.l
Unlinking: /home/rxth/rakshith/tmp/tmpRll/catkin_ws/devel/share/roseus/ros/rll_planning_project/srv/Move.l
Unlinking: /home/rxth/rakshith/tmp/tmpRll/catkin_ws/devel/share/roseus/ros/rll_planning_project/srv/GetStartGoal.l
Unlinking: /home/rxth/rakshith/tmp/tmpRll/catkin_ws/devel/share/roseus/ros/rll_planning_project/srv/CheckPath.l
Unlinking: /home/rxth/rakshith/tmp/tmpRll/catkin_ws/devel/share/common-lisp/ros/rll_planning_project/srv/_package_CheckPath.lisp
Unlinking: /home/rxth/rakshith/tmp/tmpRll/catkin_ws/devel/share/common-lisp/ros/rll_planning_project/srv/CheckPath.lisp
Unlinking: /home/rxth/rakshith/tmp/tmpRll/catkin_ws/devel/share/common-lisp/ros/rll_planning_project/srv/rll_planning_project-srv.asd
Unlinking: /home/rxth/rakshith/tmp/tmpRll/catkin_ws/devel/share/common-lisp/ros/rll_planning_project/srv/_package_GetStartGoal.lisp
Unlinking: /home/rxth/rakshith/tmp/tmpRll/catkin_ws/devel/share/common-lisp/ros/rll_planning_project/srv/GetStartGoal.lisp
Unlinking: /home/rxth/rakshith/tmp/tmpRll/catkin_ws/devel/share/common-lisp/ros/rll_planning_project/srv/_package.lisp
Unlinking: /home/rxth/rakshith/tmp/tmpRll/catkin_ws/devel/share/common-lisp/ros/rll_planning_project/srv/_package_Move.lisp
Unlinking: /home/rxth/rakshith/tmp/tmpRll/catkin_ws/devel/share/common-lisp/ros/rll_planning_project/srv/Move.lisp
Unlinking: /home/rxth/rakshith/tmp/tmpRll/catkin_ws/devel/share/rll_planning_project/cmake/rll_planning_project-msg-paths.cmake
Unlinking: /home/rxth/rakshith/tmp/tmpRll/catkin_ws/devel/share/rll_planning_project/cmake/rll_planning_project-msg-extras.cmake
Unlinking: /home/rxth/rakshith/tmp/tmpRll/catkin_ws/devel/share/rll_planning_project/cmake/rll_planning_projectConfig-version.cmake
Unlinking: /home/rxth/rakshith/tmp/tmpRll/catkin_ws/devel/share/rll_planning_project/cmake/rll_planning_projectConfig.cmake
